Action.c(130): Notify: Saving Parameter "c_flightids_count = 19".	[MsgId: MMSG-13798]
Action.c(130): Notify: Saving Parameter "c_cgifields_count = 19".	[MsgId: MMSG-13798]
Action.c(130): Registered web_reg_find successful for "Text=<b>Itinerary</font></b>" (count=1)  	[MsgId: MMSG-26364]
Action.c(130): web_image("Itinerary Button") was successful, 27573 body bytes, 1622 header bytes, 75 chunking overhead bytes  	[MsgId: MMSG-26385]
Action.c(135): Notify: Transaction "open_bills" ended with a "Pass" status (Duration: 0,1250 Wasted Time: 0,0010).	[MsgId: MMSG-16871]
Action.c(136): lr_think_time: 5,00 seconds.	[MsgId: MMSG-15948]
Action.c(137): Notify: Transaction "logout" started.	[MsgId: MMSG-16999]
Action.c(138): web_reg_find started  	[MsgId: MMSG-26355]
Action.c(138): Registering web_reg_find was successful  	[MsgId: MMSG-26390]
Action.c(139): web_image("SignOff Button") started  	[MsgId: MMSG-26355]
Action.c(139): Image-linking to "http://localhost:1080/cgi-bin/welcome.pl?signOff=1", Target Frame="body"  	[MsgId: MMSG-27993]
Action.c(139): t=1290792ms: Closed connection [0] to localhost:1080 after completing 4 request(s)  	[MsgId: MMSG-26000]
Action.c(139): t=1290792ms: Connecting [0] to host 127.0.0.1:1080  	[MsgId: MMSG-26000]
Action.c(139): t=1290792ms: Inactive socket [1] was closed by localhost:1080, probably due to Keep-Alive timeout  	[MsgId: MMSG-26000]
Action.c(139): t=1290792ms: Closed connection [1] to localhost:1080 after completing 2 request(s)  	[MsgId: MMSG-26000]
Action.c(139): t=1290792ms: Inactive socket [2] was closed by localhost:1080, probably due to Keep-Alive timeout  	[MsgId: MMSG-26000]
Action.c(139): t=1290792ms: Closed connection [2] to localhost:1080 after completing 1 request(s)  	[MsgId: MMSG-26000]
Action.c(139): t=1290792ms: Inactive socket [3] was closed by localhost:1080, probably due to Keep-Alive timeout  	[MsgId: MMSG-26000]
Action.c(139): t=1290792ms: Closed connection [3] to localhost:1080 after completing 1 request(s)  	[MsgId: MMSG-26000]
Action.c(139): t=1290793ms: Connected socket [0] from 127.0.0.1:2099 to 127.0.0.1:1080 in 1 ms  	[MsgId: MMSG-26000]
Action.c(139): t=1290793ms: 536-byte request headers for "http://localhost:1080/cgi-bin/welcome.pl?signOff=1" (RelFrameId=1, Internal ID=601)
Action.c(139):     GET /cgi-bin/welcome.pl?signOff=1 HTTP/1.1\r\n
Action.c(139):     Referer: http://localhost:1080/cgi-bin/nav.pl?page=menu&in=itinerary\r\n
Action.c(139):     Priority: u=4\r\n
Action.c(139):     User-Agent: Mozilla/5.0 (Windows NT 10.0; Win64; x64; rv:130.0) Gecko/20100101 Firefox/130
Action.c(139):     .0\r\n
Action.c(139):     Accept-Encoding: gzip, deflate\r\n
Action.c(139):     Accept-Language: ru-RU,ru;q=0.8,en-US;q=0.5,en;q=0.3\r\n
Action.c(139):     Accept: */*\r\n
Action.c(139):     Connection: Keep-Alive\r\n
Action.c(139):     Host: localhost:1080\r\n
Action.c(139):     Cookie: MSO=SID&1729017423; MTUserInfo=firstName&James&address2&James&username&user9&hash&
Action.c(139):     121&lastName&Taylor%0A&address1&246%20Willow%20Ave&creditCard&&expDate&%0A\r\n
Action.c(139):     \r\n
Action.c(139): t=1290823ms: 328-byte response headers for "http://localhost:1080/cgi-bin/welcome.pl?signOff=1" (RelFrameId=1, Internal ID=601)
Action.c(139):     HTTP/1.1 200 OK\r\n
Action.c(139):     Date: Tue, 15 Oct 2024 18:37:34 GMT\r\n
Action.c(139):     Server: Apache/2.2.21 (Win32)\r\n
Action.c(139):     Set-Cookie: MSO=SID&1729017454; path=/\r\n
Action.c(139):     Set-Cookie: MTUserInfo=; path=/; expires=Mon, 14-Oct-2024 18:37:34 GMT\r\n
Action.c(139):     Keep-Alive: timeout=5, max=100\r\n
Action.c(139):     Connection: Keep-Alive\r\n
Action.c(139):     Transfer-Encoding: chunked\r\n
Action.c(139):     Content-Type: text/html; charset=ISO-8859-1\r\n
Action.c(139):     \r\n
Action.c(139): t=1290824ms: 5-byte chunked response overhead for "http://localhost:1080/cgi-bin/welcome.pl?signOff=1" (RelFrameId=1, Internal ID=601)
Action.c(139):     2ae\r\n
Action.c(139): t=1290824ms: 2-byte chunked response overhead for "http://localhost:1080/cgi-bin/welcome.pl?signOff=1" (RelFrameId=1, Internal ID=601)
Action.c(139):     \r\n
Action.c(139): t=1290824ms: 686-byte chunked response body for "http://localhost:1080/cgi-bin/welcome.pl?signOff=1" (RelFrameId=1, Internal ID=601)
Action.c(139):     <!-- \n
Action.c(139):      A Session ID has been created and loaded into a cookie called MSO.\n
Action.c(139):      Also, the server options have been loaded into the cookie called\n
Action.c(139):      MSO as well.  The server options can be set via the Admin page.\n
Action.c(139):      --->\n
Action.c(139):     \n
Action.c(139):     <html>\n
Action.c(139):     <title>Web Tours</title>\n
Action.c(139):        <!-- Frame Set -->\n
Action.c(139):        <frameset cols="160,*" border="1" frameborder="1">\n
Action.c(139):           <!-- Navigation Frame -->\n
Action.c(139):           <frame src="nav.pl?in=home" name="navbar" marginheight="2" marginwidth="2" \n
Action.c(139):                 noresize="noresize" scrolling="auto"/>\n
Action.c(139):           <!-- Home Frame -->\n
Action.c(139):           <frame src="/WebTours/home.html" name="info" marginheight="2" marginwidth="2" \n
Action.c(139):                 noresize="noresize" scrolling="auto"/>\n
Action.c(139):        </frameset>\n
Action.c(139):     </html>\n
Action.c(139):     \n
Action.c(139):     </body>\n
Action.c(139):     </html>
Action.c(139): Detected non-resource "http://localhost:1080/cgi-bin/nav.pl?in=home" in "http://localhost:1080/cgi-bin/welcome.pl?signOff=1"  	[MsgId: MMSG-26574]
Action.c(139): Detected non-resource "http://localhost:1080/WebTours/home.html" in "http://localhost:1080/cgi-bin/welcome.pl?signOff=1"  	[MsgId: MMSG-26574]
Action.c(139): Retrieving data from cache for "http://localhost:1080/WebTours/home.html"  	[MsgId: MMSG-26558]
Action.c(139): t=1290824ms: 1361-byte response body retrieved from cache for "http://localhost:1080/WebTours/home.html" (RelFrameId=1.2, Internal ID=603)
Action.c(139):     <HTML>\n
Action.c(139):     <HEAD>\n
Action.c(139):     \t<title>Web Tours</title>\n
Action.c(139):     </HEAD>\n
Action.c(139):     <style>\n
Action.c(139):     \tblockquote {font-family: tahoma; font-size : 10pt}\n
Action.c(139):     \tH1 {font-family: tahoma; font-size : 22pt; color: #003366}\n
Action.c(139):     \tsmall {font-family: tahoma; font-size : 8pt}\n
Action.c(139):     \tH3{font-family: tahoma; font-size : 10pt; color: black}\n
Action.c(139):     \tA {FONT-WEIGHT: bold; FONT-SIZE: 10pt; COLOR: black; FONT-FAMILY: Tahoma; TEXT-DECORATIO
Action.c(139):     N: none}\n
Action.c(139):     \tA:hover{ FONT-WEIGHT: bold; FONT-SIZE: 10pt; COLOR: #993333; FONT-FAMILY: Tahoma;TEXT-DE
Action.c(139):     CORATION: underline}\n
Action.c(139):     \tTD {font-family: tahoma; font-size : 10pt; color: black}\n
Action.c(139):     </style>\n
Action.c(139):     <body bgcolor="#e0e7f1">\n
Action.c(139):     <BR/>\n
Action.c(139):     <BR/>\n
Action.c(139):     <BR/>\n
Action.c(139):     <br/>\n
Action.c(139):     <table border="0">\n
Action.c(139):     <tr><td></td></tr>\n
Action.c(139):     <TR><TD></TD></TR>\n
Action.c(139):     <TR><TD>\n
Action.c(139):     <blockquote>\n
Action.c(139):     <H1><b>Web Tours</b></H1>\n
Action.c(139):     Welcome to the Web Tours site.\n
Action.c(139):     <br/>\n
Action.c(139):     To make reservations,please enter your account information to the left.\n
Action.c(139):     <br/>\n
Action.c(139):     If you haven't registered yet, <A href="/cgi-bin/login.pl?username=&amp;password=&amp;getI
Action.c(139):     nfo=true" ><B>sign up now</B></A> to get access to all our resources.\n
Action.c(139):     <br/>\n
Action.c(139):     To configure the server options, use <A href="/cgi-bin/admin.pl" target="body" ><b>adminis
Action.c(139):     tration</b></A> link.\n
Action.c(139):     <br/><br/><br/><br/><br/><br/>\n
Action.c(139):     <br/><small>\n
Action.c(139):     This product uses parts of the SMT Kernel, Copyright (c) 1991-99 <A href="http://www.imati
Action.c(139):     x.com" target="new"><B><small>iMatix Corporation</small></B></A> \n
Action.c(139):     </small>\n
Action.c(139):     </blockquote></TD>\n
Action.c(139):     <TD></TD></TR>\n
Action.c(139):     </table>\n
Action.c(139):     </body>\n
Action.c(139):     </HTML>\n
Action.c(139): t=1290825ms: Connecting [1] to host 127.0.0.1:1080  	[MsgId: MMSG-26000]
Action.c(139): t=1290825ms: 5-byte chunked response overhead for "http://localhost:1080/cgi-bin/welcome.pl?signOff=1" (RelFrameId=1, Internal ID=601)
Action.c(139):     0\r\n
Action.c(139):     \r\n
Action.c(139): t=1290825ms: Request done "http://localhost:1080/cgi-bin/welcome.pl?signOff=1"  	[MsgId: MMSG-26000]
Action.c(139): t=1290825ms: Connected socket [1] from 127.0.0.1:2100 to 127.0.0.1:1080 in 0 ms  	[MsgId: MMSG-26000]
Action.c(139): t=1290825ms: 383-byte request headers for "http://localhost:1080/cgi-bin/nav.pl?in=home" (RelFrameId=1.1, Internal ID=602)
Action.c(139):     GET /cgi-bin/nav.pl?in=home HTTP/1.1\r\n
Action.c(139):     Referer: http://localhost:1080/cgi-bin/welcome.pl?signOff=1\r\n
Action.c(139):     Priority: u=4\r\n
Action.c(139):     User-Agent: Mozilla/5.0 (Windows NT 10.0; Win64; x64; rv:130.0) Gecko/20100101 Firefox/130
Action.c(139):     .0\r\n
Action.c(139):     Accept-Encoding: gzip, deflate\r\n
Action.c(139):     Accept-Language: ru-RU,ru;q=0.8,en-US;q=0.5,en;q=0.3\r\n
Action.c(139):     Accept: */*\r\n
Action.c(139):     Connection: Keep-Alive\r\n
Action.c(139):     Host: localhost:1080\r\n
Action.c(139):     Cookie: MSO=SID&1729017454\r\n
Action.c(139):     \r\n
Action.c(139): t=1290854ms: 256-byte response headers for "http://localhost:1080/cgi-bin/nav.pl?in=home" (RelFrameId=1.1, Internal ID=602)
Action.c(139):     HTTP/1.1 200 OK\r\n
Action.c(139):     Date: Tue, 15 Oct 2024 18:37:34 GMT\r\n
Action.c(139):     Server: Apache/2.2.21 (Win32)\r\n
Action.c(139):     Expires: Mon, 14 Oct 2024 18:37:34 GMT\r\n
Action.c(139):     Keep-Alive: timeout=5, max=100\r\n
Action.c(139):     Connection: Keep-Alive\r\n
Action.c(139):     Transfer-Encoding: chunked\r\n
Action.c(139):     Content-Type: text/html; charset=ISO-8859-1\r\n
Action.c(139):     \r\n
Action.c(139): t=1290854ms: 5-byte chunked response overhead for "http://localhost:1080/cgi-bin/nav.pl?in=home" (RelFrameId=1.1, Internal ID=602)
Action.c(139):     5d1\r\n
Action.c(139): t=1290855ms: 2-byte chunked response overhead for "http://localhost:1080/cgi-bin/nav.pl?in=home" (RelFrameId=1.1, Internal ID=602)
Action.c(139):     \r\n
Action.c(139): t=1290855ms: 1489-byte chunked response body for "http://localhost:1080/cgi-bin/nav.pl?in=home" (RelFrameId=1.1, Internal ID=602)
Action.c(139):     <!DOCTYPE html\n
Action.c(139):     \tPUBLIC "-//W3C//DTD XHTML 1.0 Transitional//EN"\n
Action.c(139):     \t "http://www.w3.org/TR/xhtml1/DTD/xhtml1-transitional.dtd">\n
Action.c(139):     <html xmlns="http://www.w3.org/1999/xhtml" lang="en-US" xml:lang="en-US">\n
Action.c(139):     <head>\n
Action.c(139):     <title>Web Tours Navigation Bar</title>\n
Action.c(139):     <meta http-equiv="Content-Type" content="text/html; charset=iso-8859-1" />\n
Action.c(139):     </head>\n
Action.c(139):     <body bgcolor="#E0E7F1">\n
Action.c(139):     <style>\n
Action.c(139):     blockquote {font-family: tahoma; font-size : 10pt}\n
Action.c(139):     H1 {font-family: tahoma; font-size : 22pt; color: #993333}\n
Action.c(139):     H3 {font-family: tahoma; font-size : 10pt; color: black}\n
Action.c(139):     small {font-family: tahoma; font-size : 8pt}\n
Action.c(139):     </style>\n
Action.c(139):     <form method="post" action="/cgi-bin/login.pl" target="body">\n
Action.c(139):     <input type="hidden" name="userSession" value="140058.116970433HcAtcDQpDQVzzzzHtDccfptDzDf
Action.c(139):     "/>\n
Action.c(139):     <table border="0"><tr><td>&nbsp;</td>\n
Action.c(139):     <td>&nbsp;</td></tr>\n
Action.c(139):     <tr><td>&nbsp;</td>\n
Action.c(139):     <td>&nbsp;</td></tr>\n
Action.c(139):     <tr><td>&nbsp;</td>\n
Action.c(139):     <td><small>&nbsp;Username</small></td></tr>\n
Action.c(139):     <tr><td>&nbsp;</td>\n
Action.c(139):     <td><input type="text" name="username" value="" size="14" maxlength="14"/></td></tr>\n
Action.c(139):     <tr><td>&nbsp;</td>\n
Action.c(139):     <td><small>&nbsp;Password</small></td>\n
Action.c(139):     <tr><td>&nbsp;</td>\n
Action.c(139):     <td><input type="password" name="password" value="" size="14" maxlength="14"/></td></tr>\n
Action.c(139):     <tr><td>&nbsp;</td>\n
Action.c(139):     <td>&nbsp;</td></tr>\n
Action.c(139):     <tr><td>&nbsp;</td>\n
Action.c(139):     <td><input type="image" name="login" value="Login" alt="Login" border="1" \n
Action.c(139):     src="/WebTours/images/mer_login.gif"/></td></tr>\n
Action.c(139):     <tr><td>&nbsp;</td><td>&nbsp;</td></tr>\n
Action.c(139):     </table><input type="hidden" name="JSFormSubmit" value="off"/>\n
Action.c(139):     </form>\n
Action.c(139):     \n
Action.c(139):     </body>\n
Action.c(139):     </html>\n
Action.c(139): Resource "http://localhost:1080/WebTours/images/mer_login.gif" is in the cache already and will not be downloaded again  	[MsgId: MMSG-26655]
Action.c(139): t=1290856ms: 5-byte chunked response overhead for "http://localhost:1080/cgi-bin/nav.pl?in=home" (RelFrameId=1.1, Internal ID=602)
Action.c(139):     0\r\n
Action.c(139):     \r\n
Action.c(139): t=1290856ms: Request done "http://localhost:1080/cgi-bin/nav.pl?in=home"  	[MsgId: MMSG-26000]
Action.c(139): Registered web_reg_find successful for "Text=Welcome to the Web Tours site." (count=1)  	[MsgId: MMSG-26364]
Action.c(139): web_image("SignOff Button") was successful, 2175 body bytes, 584 header bytes, 24 chunking overhead bytes  	[MsgId: MMSG-26385]
Action.c(144): Notify: Transaction "logout" ended with a "Pass" status (Duration: 0,0646 Wasted Time: 0,0000).	[MsgId: MMSG-16871]
Action.c(145): Notify: Transaction "UC2_Search_Flight" ended with a "Pass" status (Duration: 30,6090 Think Time: 30,0508 Wasted Time: 0,0017).	[MsgId: MMSG-16870]
Ending action Action.	[MsgId: MMSG-15918]
Action was aborted.	[MsgId: MMSG-10694]
Ending Vuser...	[MsgId: MMSG-15966]
Starting action vuser_end.	[MsgId: MMSG-15919]
Ending action vuser_end.	[MsgId: MMSG-15918]
Vuser Terminated.	[MsgId: MMSG-15963]
Action.c(130): t=1290857ms: Closed connection [0] to localhost:1080 after completing 1 request(s)  	[MsgId: MMSG-26000]
Action.c(130): t=1290857ms: Closed connection [1] to localhost:1080 after completing 1 request(s)  	[MsgId: MMSG-26000]
HTML-Mode memory management statistics: Reusable=8, NonReusable=0, CsMemBlockSize=4096, checks disabled  	[MsgId: MMSG-26000]
Vuser 0 (thread 13160), ended OK."	[MsgId: MMSG-10695]
