Action.c(57):       <TD COLSPAN="3">\n
Action.c(57):       <b>Flight Details:</b><BR/>  <center>\n
Action.c(57):       10/17/2024\n
Action.c(57):      :  11pm : Flight 253 leaves London  for Portland.<br>  </center>\n
Action.c(57):       </TD>\n
Action.c(57):     </TR>\n
Action.c(57):     \n
Action.c(57):     <TR bgcolor="#EFF2F7">\n
Action.c(57):       <TD COLSPAN="4">\n
Action.c(57):       <hr/>\n
Action.c(57):       </TD>\n
Action.c(57):     </TR>\n
Action.c(57):     \n
Action.c(57):     <!-- Flight #1 -->\n
Action.c(57):     <TR bgcolor="#EFF2F7">\n
Action.c(57):       <TD width="5%" rowspan="2" align="left" valign="top">\n
Action.c(57):     <b>\n
Action.c(57):     <label><input type="checkbox" name="14" value="on" /></label></font></b>\n
Action.c(57):     <input type="hidden" name="flightID" value="349058548-10831-KM"  />\n
Action.c(57):       </TD>\n
Action.c(57):       <TD width="45%" valign="top">\n
Action.c(57):           <b>&nbsp;&nbsp;A Coach class ticket for :</b><br/>\n
Action.c(57):           <center><table border="0" width="85%"><tr><td>\n
Action.c(57):           <li><i>Kate Miller\n
Action.c(57):           <li><i></i>\n
Action.c(57):           </td></tr></table></center>\n
Action.c(57):       </TD>\n
Action.c(57):       <TD width="5%" >.<br/>.<br/>.<br/>.</TD>\n
Action.c(57):       <TD width="45%" valign=top><b>Invoice sent to:</b><br/>\n
Action.c(57):           <center>\n
Action.c(57):           <Table width="80%" cellspacing="0" > <tr> <td>\n
Action.c(57):               Kate Miller\n
Action.c(57):     <br/>\n
Action.c(57):               987 Pine Dr<br/>\n
Action.c(57):               Philadelphia<br/>\n
Action.c(57):               <br/>\n
Action.c(57):               Total Charge: $ 805 <BR/> (CC: x-9424)\n
Action.c(57):           </td> </tr> </table>\n
Action.c(57):           </center>\n
Action.c(57):       </TD>\n
Action.c(57):     </TR>\n
Action.c(57):     <TR bgcolor="#EFF2F7">\n
Action.c(57):       <TD COLSPAN="3">\n
Action.c(57):       <b>Flight Details:</b><BR/>  <center>\n
Action.c(57):       10/17/2024\n
Action.c(57):      :  8am : Flight 580 leaves Portland  for Sydney.<br>  </center>\n
Action.c(57):       </TD>\n
Action.c(57):     </TR>\n
Action.c(57):     \n
Action.c(57):     <TR bgcolor="#EFF
Action.c(57): t=420380ms: 8-byte chunked response overhead for "http://localhost:1080/cgi-bin/itinerary.pl" (RelFrameId=1.2, Internal ID=143)
Action.c(57):     \r\n
Action.c(57):     1000\r\n
Action.c(57): t=420380ms: 8-byte chunked response overhead for "http://localhost:1080/cgi-bin/itinerary.pl" (RelFrameId=1.2, Internal ID=143)
Action.c(57):     \r\n
Action.c(57):     1000\r\n
Action.c(57): t=420380ms: 8-byte chunked response overhead for "http://localhost:1080/cgi-bin/itinerary.pl" (RelFrameId=1.2, Internal ID=143)
Action.c(57):     \r\n
Action.c(57):     1000\r\n
Action.c(57): t=420380ms: 12263-byte chunked response body for "http://localhost:1080/cgi-bin/itinerary.pl" (RelFrameId=1.2, Internal ID=143)
Action.c(57):     2F7">\n
Action.c(57):       <TD COLSPAN="4">\n
Action.c(57):       <hr/>\n
Action.c(57):       </TD>\n
Action.c(57):     </TR>\n
Action.c(57):     \n
Action.c(57):     <!-- Flight #1 -->\n
Action.c(57):     <TR bgcolor="#EFF2F7">\n
Action.c(57):       <TD width="5%" rowspan="2" align="left" valign="top">\n
Action.c(57):     <b>\n
Action.c(57):     <label><input type="checkbox" name="15" value="on" /></label></font></b>\n
Action.c(57):     <input type="hidden" name="flightID" value="3490490043-115475-KM"  />\n
Action.c(57):       </TD>\n
Action.c(57):       <TD width="45%" valign="top">\n
Action.c(57):           <b>&nbsp;&nbsp;A First class ticket for :</b><br/>\n
Action.c(57):           <center><table border="0" width="85%"><tr><td>\n
Action.c(57):           <li><i>Kate Miller\n
Action.c(57):           <li><i></i>\n
Action.c(57):           </td></tr></table></center>\n
Action.c(57):       </TD>\n
Action.c(57):       <TD width="5%" >.<br/>.<br/>.<br/>.</TD>\n
Action.c(57):       <TD width="45%" valign=top><b>Invoice sent to:</b><br/>\n
Action.c(57):           <center>\n
Action.c(57):           <Table width="80%" cellspacing="0" > <tr> <td>\n
Action.c(57):               Kate Miller\n
Action.c(57):     <br/>\n
Action.c(57):               987 Pine Dr<br/>\n
Action.c(57):               Philadelphia<br/>\n
Action.c(57):               <br/>\n
Action.c(57):               Total Charge: $ 1186 <BR/> (CC: x-9424)\n
Action.c(57):           </td> </tr> </table>\n
Action.c(57):           </center>\n
Action.c(57):       </TD>\n
Action.c(57):     </TR>\n
Action.c(57):     <TR bgcolor="#EFF2F7">\n
Action.c(57):       <TD COLSPAN="3">\n
Action.c(57):       <b>Flight Details:</b><BR/>  <center>\n
Action.c(57):       10/17/2024\n
Action.c(57):      :  11pm : Flight 323 leaves Los Angeles  for London.<br>  </center>\n
Action.c(57):       </TD>\n
Action.c(57):     </TR>\n
Action.c(57):     \n
Action.c(57):     <TR bgcolor="#EFF2F7">\n
Action.c(57):       <TD COLSPAN="4">\n
Action.c(57):       <hr/>\n
Action.c(57):       </TD>\n
Action.c(57):     </TR>\n
Action.c(57):     \n
Action.c(57):     <!-- Flight #1 -->\n
Action.c(57):     <TR bgcolor="#EFF2F7">\n
Action.c(57):       <TD width="5%" rowspan="2" align="left" valign="top">\n
Action.c(57):     <b>\n
Action.c(57):     <label><input type="checkbox" name="16" value="on" /></label></font></b>\n
Action.c(57):     <input type="hidden" name="flightID" value="349041869-12344-KM"  />\n
Action.c(57):       </TD>\n
Action.c(57):       <TD width="45%" valign="top">\n
Action.c(57):           <b>&nbsp;&nbsp;A Business class ticket for :</b><br/>\n
Action.c(57):           <center><table border="0" width="85%"><tr><td>\n
Action.c(57):           <li><i>Kate Miller\n
Action.c(57):           <li><i></i>\n
Action.c(57):           </td></tr></table></center>\n
Action.c(57):       </TD>\n
Action.c(57):       <TD width="5%" >.<br/>.<br/>.<br/>.</TD>\n
Action.c(57):       <TD width="45%" valign=top><b>Invoice sent to:</b><br/>\n
Action.c(57):           <center>\n
Action.c(57):           <Table width="80%" cellspacing="0" > <tr> <td>\n
Action.c(57):               Kate Miller\n
Action.c(57):     <br/>\n
Action.c(57):               987 Pine Dr<br/>\n
Action.c(57):               Philadelphia<br/>\n
Action.c(57):               <br/>\n
Action.c(57):               Total Charge: $ 472 <BR/> (CC: x-9424)\n
Action.c(57):           </td> </tr> </table>\n
Action.c(57):           </center>\n
Action.c(57):       </TD>\n
Action.c(57):     </TR>\n
Action.c(57):     <TR bgcolor="#EFF2F7">\n
Action.c(57):       <TD COLSPAN="3">\n
Action.c(57):       <b>Flight Details:</b><BR/>  <center>\n
Action.c(57):       10/17/2024\n
Action.c(57):      :  8am : Flight 130 leaves Frankfurt  for Los Angeles.<br>  </center>\n
Action.c(57):       </TD>\n
Action.c(57):     </TR>\n
Action.c(57):     \n
Action.c(57):     <TR bgcolor="#EFF2F7">\n
Action.c(57):       <TD COLSPAN="4">\n
Action.c(57):       <hr/>\n
Action.c(57):       </TD>\n
Action.c(57):     </TR>\n
Action.c(57):     \n
Action.c(57):     <!-- Flight #1 -->\n
Action.c(57):     <TR bgcolor="#EFF2F7">\n
Action.c(57):       <TD width="5%" rowspan="2" align="left" valign="top">\n
Action.c(57):     <b>\n
Action.c(57):     <label><input type="checkbox" name="17" value="on" /></label></font></b>\n
Action.c(57):     <input type="hidden" name="flightID" value="349059693-13132-KM"  />\n
Action.c(57):       </TD>\n
Action.c(57):       <TD width="45%" valign="top">\n
Action.c(57):           <b>&nbsp;&nbsp;A First class ticket for :</b><br/>\n
Action.c(57):           <center><table border="0" width="85%"><tr><td>\n
Action.c(57):           <li><i>Kate Miller\n
Action.c(57):           <li><i></i>\n
Action.c(57):           </td></tr></table></center>\n
Action.c(57):       </TD>\n
Action.c(57):       <TD width="5%" >.<br/>.<br/>.<br/>.</TD>\n
Action.c(57):       <TD width="45%" valign=top><b>Invoice sent to:</b><br/>\n
Action.c(57):           <center>\n
Action.c(57):           <Table width="80%" cellspacing="0" > <tr> <td>\n
Action.c(57):               Kate Miller\n
Action.c(57):     <br/>\n
Action.c(57):               987 Pine Dr<br/>\n
Action.c(57):               Philadelphia<br/>\n
Action.c(57):               <br/>\n
Action.c(57):               Total Charge: $ 720 <BR/> (CC: x-9424)\n
Action.c(57):           </td> </tr> </table>\n
Action.c(57):           </center>\n
Action.c(57):       </TD>\n
Action.c(57):     </TR>\n
Action.c(57):     <TR bgcolor="#EFF2F7">\n
Action.c(57):       <TD COLSPAN="3">\n
Action.c(57):       <b>Flight Details:</b><BR/>  <center>\n
Action.c(57):       10/17/2024\n
Action.c(57):      :  1pm : Flight 611 leaves San Francisco  for Frankfurt.<br>  </center>\n
Action.c(57):       </TD>\n
Action.c(57):     </TR>\n
Action.c(57):     \n
Action.c(57):     <TR bgcolor="#EFF2F7">\n
Action.c(57):       <TD COLSPAN="4">\n
Action.c(57):       <hr/>\n
Action.c(57):       </TD>\n
Action.c(57):     </TR>\n
Action.c(57):     \n
Action.c(57):     <!-- Flight #1 -->\n
Action.c(57):     <TR bgcolor="#EFF2F7">\n
Action.c(57):       <TD width="5%" rowspan="2" align="left" valign="top">\n
Action.c(57):     <b>\n
Action.c(57):     <label><input type="checkbox" name="18" value="on" /></label></font></b>\n
Action.c(57):     <input type="hidden" name="flightID" value="349044158-13867-KM"  />\n
Action.c(57):       </TD>\n
Action.c(57):       <TD width="45%" valign="top">\n
Action.c(57):           <b>&nbsp;&nbsp;A Business class ticket for :</b><br/>\n
Action.c(57):           <center><table border="0" width="85%"><tr><td>\n
Action.c(57):           <li><i>Kate Miller\n
Action.c(57):           <li><i></i>\n
Action.c(57):           </td></tr></table></center>\n
Action.c(57):       </TD>\n
Action.c(57):       <TD width="5%" >.<br/>.<br/>.<br/>.</TD>\n
Action.c(57):       <TD width="45%" valign=top><b>Invoice sent to:</b><br/>\n
Action.c(57):           <center>\n
Action.c(57):           <Table width="80%" cellspacing="0" > <tr> <td>\n
Action.c(57):               Kate Miller\n
Action.c(57):     <br/>\n
Action.c(57):               987 Pine Dr<br/>\n
Action.c(57):               Philadelphia<br/>\n
Action.c(57):               <br/>\n
Action.c(57):               Total Charge: $ 271 <BR/> (CC: x-9424)\n
Action.c(57):           </td> </tr> </table>\n
Action.c(57):           </center>\n
Action.c(57):       </TD>\n
Action.c(57):     </TR>\n
Action.c(57):     <TR bgcolor="#EFF2F7">\n
Action.c(57):       <TD COLSPAN="3">\n
Action.c(57):       <b>Flight Details:</b><BR/>  <center>\n
Action.c(57):       10/17/2024\n
Action.c(57):      :  5pm : Flight 192 leaves Frankfurt  for Zurich.<br>  </center>\n
Action.c(57):       </TD>\n
Action.c(57):     </TR>\n
Action.c(57):     \n
Action.c(57):     <TR bgcolor="#EFF2F7">\n
Action.c(57):       <TD COLSPAN="4">\n
Action.c(57):       <hr/>\n
Action.c(57):       </TD>\n
Action.c(57):     </TR>\n
Action.c(57):     \n
Action.c(57):     <!-- Flight #1 -->\n
Action.c(57):     <TR bgcolor="#EFF2F7">\n
Action.c(57):       <TD width="5%" rowspan="2" align="left" valign="top">\n
Action.c(57):     <b>\n
Action.c(57):     <label><input type="checkbox" name="19" value="on" /></label></font></b>\n
Action.c(57):     <input type="hidden" name="flightID" value="34905825-1468-KM"  />\n
Action.c(57):       </TD>\n
Action.c(57):       <TD width="45%" valign="top">\n
Action.c(57):           <b>&nbsp;&nbsp;A Business class ticket for :</b><br/>\n
Action.c(57):           <center><table border="0" width="85%"><tr><td>\n
Action.c(57):           <li><i>Kate Miller\n
Action.c(57):           <li><i></i>\n
Action.c(57):           </td></tr></table></center>\n
Action.c(57):       </TD>\n
Action.c(57):       <TD width="5%" >.<br/>.<br/>.<br/>.</TD>\n
Action.c(57):       <TD width="45%" valign=top><b>Invoice sent to:</b><br/>\n
Action.c(57):           <center>\n
Action.c(57):           <Table width="80%" cellspacing="0" > <tr> <td>\n
Action.c(57):               Kate Miller\n
Action.c(57):     <br/>\n
Action.c(57):               987 Pine Dr<br/>\n
Action.c(57):               Philadelphia<br/>\n
Action.c(57):               <br/>\n
Action.c(57):               Total Charge: $ 88 <BR/> (CC: x-9424)\n
Action.c(57):           </td> </tr> </table>\n
Action.c(57):           </center>\n
Action.c(57):       </TD>\n
Action.c(57):     </TR>\n
Action.c(57):     <TR bgcolor="#EFF2F7">\n
Action.c(57):       <TD COLSPAN="3">\n
Action.c(57):       <b>Flight Details:</b><BR/>  <center>\n
Action.c(57):       10/17/2024\n
Action.c(57):      :  5pm : Flight 572 leaves Portland  for Seattle.<br>  </center>\n
Action.c(57):       </TD>\n
Action.c(57):     </TR>\n
Action.c(57):     \n
Action.c(57):     <TR bgcolor="#EFF2F7">\n
Action.c(57):       <TD COLSPAN="4">\n
Action.c(57):       <hr/>\n
Action.c(57):       </TD>\n
Action.c(57):     </TR>\n
Action.c(57):     \n
Action.c(57):     <!-- Flight #1 -->\n
Action.c(57):     <TR bgcolor="#EFF2F7">\n
Action.c(57):       <TD width="5%" rowspan="2" align="left" valign="top">\n
Action.c(57):     <b>\n
Action.c(57):     <label><input type="checkbox" name="20" value="on" /></label></font></b>\n
Action.c(57):     <input type="hidden" name="flightID" value="3490537445-153926-KM"  />\n
Action.c(57):       </TD>\n
Action.c(57):       <TD width="45%" valign="top">\n
Action.c(57):           <b>&nbsp;&nbsp;A First class ticket for :</b><br/>\n
Action.c(57):           <center><table border="0" width="85%"><tr><td>\n
Action.c(57):           <li><i>Kate Miller\n
Action.c(57):           <li><i></i>\n
Action.c(57):           </td></tr></table></center>\n
Action.c(57):       </TD>\n
Action.c(57):       <TD width="5%" >.<br/>.<br/>.<br/>.</TD>\n
Action.c(57):       <TD width="45%" valign=top><b>Invoice sent to:</b><br/>\n
Action.c(57):           <center>\n
Action.c(57):           <Table width="80%" cellspacing="0" > <tr> <td>\n
Action.c(57):               Kate Miller\n
Action.c(57):     <br/>\n
Action.c(57):               987 Pine Dr<br/>\n
Action.c(57):               Philadelphia<br/>\n
Action.c(57):               <br/>\n
Action.c(57):               Total Charge: $ 1038 <BR/> (CC: x-9424)\n
Action.c(57):           </td> </tr> </table>\n
Action.c(57):           </center>\n
Action.c(57):       </TD>\n
Action.c(57):     </TR>\n
Action.c(57):     <TR bgcolor="#EFF2F7">\n
Action.c(57):       <TD COLSPAN="3">\n
Action.c(57):       <b>Flight Details:</b><BR/>  <center>\n
Action.c(57):       10/17/2024\n
Action.c(57):      :  1pm : Flight 451 leaves Paris  for Portland.<br>  </center>\n
Action.c(57):       </TD>\n
Action.c(57):     </TR>\n
Action.c(57):     \n
Action.c(57):     <TR bgcolor="#EFF2F7">\n
Action.c(57):       <TD COLSPAN="4">\n
Action.c(57):       <hr/>\n
Action.c(57):       </TD>\n
Action.c(57):     </TR>\n
Action.c(57):     \n
Action.c(57):     <!-- Flight #1 -->\n
Action.c(57):     <TR bgcolor="#EFF2F7">\n
Action.c(57):       <TD width="5%" rowspan="2" align="left" valign="top">\n
Action.c(57):     <b>\n
Action.c(57):     <label><input type="checkbox" name="21" value="on" /></label></font></b>\n
Action.c(57):     <input type="hidden" name="flightID" value="3490659667-161618-KM"  />\n
Action.c(57):       </TD>\n
Action.c(57):       <TD width="45%" valign="top">\n
Action.c(57):           <b>&nbsp;&nbsp;A Business class ticket for :</b><br/>\n
Action.c(57):           <center><table border="0" width="85%"><tr><td>\n
Action.c(57):           <li><i>Kate Miller\n
Action.c(57):           <li><i></i>\n
Action.c(57):           </td></tr></table></center>\n
Action.c(57):       </TD>\n
Action.c(57):       <TD width="5%" >.<br/>.<br/>.<br/>.</TD>\n
Action.c(57):       <TD width="45%" valign=top><b>Invoice sent to:</b><br/>\n
Action.c(57):           <center>\n
Action.c(57):           <Table width="80%" cellspacing="0" > <tr> <td>\n
Action.c(57):               Kate Miller\n
Action.c(57):     <br/>\n
Action.c(57):               987 Pine Dr<br/>\n
Action.c(57):               Philadelphia<br/>\n
Action.c(57):               <br/>\n
Action.c(57):               Total Charge: $ 1035 <BR/> (CC: x-9424)\n
Action.c(57):           </td> </tr> </table>\n
Action.c(57):           </center>\n
Action.c(57):       </TD>\n
Action.c(57):     </TR>\n
Action.c(57):     <TR bgcolor="#EFF2F7">\n
Action.c(57):       <TD COLSPAN="3">\n
Action.c(57):       <b>Flight Details:</b><BR/>  <center>\n
Action.c(57):       10/17/2024\n
Action.c(57):      :  1pm : Flight 781 leaves Seattle  for Sydney.<br>  </center>\n
Action.c(57):       </TD>\n
Action.c(57):     </TR>\n
Action.c(57):     \n
Action.c(57):     <TR bgcolor="#EFF2F7">\n
Action.c(57):       <TD COLSPAN="4">\n
Action.c(57):       <hr/>\n
Action.c(57):       </TD>\n
Action.c(57):     </TR>\n
Action.c(57):     \n
Action.c(57):     <!-- Flight #1 -->\n
Action.c(57):     <TR bgcolor="#EFF2F7">\n
Action.c(57):       <TD width="5%" rowspan="2" align="left" valign="top">\n
Action.c(57):     <b>\n
Action.c(57):     <label><input type="checkbox" name="22" value="on" /></label></font></b>\n
Action.c(57):     <input type="hidden" name="flightID" value="3490682272-169334-KM"  />\n
Action.c(57):       </TD>\n
Action.c(57):       <TD width="45%" valign="top">\n
Action.c(57):           <b>&nbsp;&nbsp;A Coach class ticket for :</b><br/>\n
Action.c(57):           <center><table border="0" width="85%"><tr><td>\n
Action.c(57):           <li><i>Kate Miller\n
Action.c(57):           <li><i></i>\n
Action.c(57):           </td></tr></table></center>\n
Action.c(57):       </TD>\n
Action.c(57):       <TD width="5%" >.<br/>.<br/>.<br/>.</TD>\n
Action.c(57):       <TD width="45%" valign=top><b>Invoice sent to:</b><br/>\n
Action.c(57):           <center>\n
Action.c(57):           <Table width="80%" cellspacing="0" > <tr> <td>\n
Action.c(57):               Kate Miller\n
Action.c(57):     <br/>\n
Action.c(57):               987 Pine Dr<br/>\n
Action.c(57):               Philadelphia<br/>\n
Action.c(57):               <br/>\n
Action.c(57):               Total Charge: $ 1350 <BR/> (CC: x-9424)\n
Action.c(57):           </td> </tr> </table>\n
Action.c(57):           </center>\n
Action.c(57):       </TD>\n
Action.c(57):     </TR>\n
Action.c(57):     <TR bgcolor="#EFF2F7">\n
Action.c(57):       <TD COLSPAN="3">\n
Action.c(57):       <b>Flight Details:</b><BR/>  <center>\n
Action.c(57):       10/17/2024\n
Action.c(57):      :  5pm : Flight 842 leaves Sydney  for Paris.<br>  </center>\n
Action.c(57):       </TD>\n
Action.c(57):     </TR>\n
Action.c(57):     \n
Action.c(57):     <TR bgcolor="#EFF2F7">\n
Action.c(57):       <TD COLSPAN="4">\n
Action.c(57):       <hr/>\n
Action.c(57):       </TD>\n
Action.c(57):     </TR>\n
Action.c(57):     \n
Action.c(57):     <!-- Flight #1 -->\n
Action.c(57):     <TR bgcolor="#EFF2F7">\n
Action.c(57):       <TD width="5%" rowspan="2" align="left" valign="top">\n
Action.c(57):     <b>\n
Action.c(57):     <label><input type="checkbox" name="23" value="on" /></label></font></b>\n
Action.c(57):     <input type="hidden" name="flightID" value="349066348-17722-KM"  />\n
Action.c(57):       </TD>\n
Action.c(57):       <TD width="45%" valign="top">\n
Action.c(57):           <b>&nbsp;&nbsp;A Coach class ticket for :</b><br/>\n
Action.c(57):           <center><table border="0" width="85%"><tr><td>\n
Action.c(57):           <li><i>Kate Miller\n
Action.c(57):           <li><i></i>\n
Action.c(57):           </td></tr></table></center>\n
Action.c(57):       </TD>\n
Action.c(57):       <TD width="5%" >.<br/>.<br/>.<br/>.</TD>\n
Action.c(57):       <TD width="45%" valign=top><b>Invoice sent to:</b><br/>\n
Action.c(57):           <center>\n
Action.c(57):           <Table width="80%" cellspacing="0" > <tr> <td>\n
Action.c(57):               Kate Miller\n
Action.c(57):     <br/>\n
Action.c(57):               987 Pine Dr<br/>\n
Action.c(57):               Philadelphia<br/>\n
Action.c(57):               <br/>\n
Action.c(57):               Total Charge: $ 398 <BR/> (CC: x-9424)\n
Action.c(57):           </td> </tr> </table>\n
Action.c(57):           </center>\n
Action.c(57):       </TD>\n
Action.c(57):     </TR>\n
Action.c(57):     <TR bgcolor="#EFF2F7">\n
Action.c(57):       <TD COLSPAN="3">\n
Action.c(57):       <b>Flight Details:</b><BR/>  <center>\n
Action.c(57):       10/17/2024\n
Action.c(57):      :  1pm : Flight 791 leaves Seattle  for Zurich.<br>  </center>\n
Action.c(57):       </TD>\n
Action.c(57):     </TR>\n
Action.c(57):     \n
Action.c(57):     <TR bgcolor="#EFF2F7">\n
Action.c(57):       <TD COLSPAN="4">\n
Action.c(57):       <hr/>\n
Action.c(57):       </TD>\n
Action.c(57):     </TR>\n
Action.c(57):     \n
Action.c(57):     <!-- Flight #1 -->\n
Action.c(57):     <TR bgcolor="#EFF2F7">\n
Action.c(57):       <TD width="5%" rowspan="2" align="left" valign="top">\n
Action.c(57):     <b>\n
Action.c(57):     <label><input type="checkbox" name="24" value="on" /></label></font></b>\n
Action.c(57):     <input type="hidden" name="flightID" value="349053065-18521-KM"  />\n
Action.c(57):       </TD>\n
Action.c(57):       <TD width="45%" valign="top">\n
Action.c(57):           <b>&nbsp;&nbsp;A First class ticket for :</b><br/>\n
Action.c(57):           <center><table border="0" width="85%"><tr><td>\n
Action.c(57):           <li><i>Kate Miller\n
Action.c(57):           <li><i></i>\n
Action.c(57):           </td></tr></table></center>\n
Action.c(57):       </TD>\n
Action.c(57):       <TD width="5%" >.<br/>.<br/>.<br/>.</TD>\n
Action.c(57):       <TD width="45%" valign=top><b>Invoice sent to:</b><br/>\n
Action.c(57):           <center>\n
Action.c(57):           <Table width="80%" cellspacing="0" > <tr> <td>\n
Action.c(57):               Kate Miller\n
Action.c(57):     <br/>\n
Action.c(57):               987 Pine Dr<br/>\n
Action.c(57):               Philadelphia<br/>\n
Action.c(57):               <br/>\n
Action.c(57):               Total Charge: $ 778 <BR/> (CC: x-9424)\n
Action.c(57):           </td> </tr> </table>\n
Action.c(57):           </center>\n
Action.c(57):       </TD>\n
Action.c(57):     </TR>\n
Action.c(57):     <TR bgcolor="#EFF2F7">\n
Action.c(57):       <TD COLSPAN="3">\n
Action.c(57):       <b>Flight Details:</b><BR/>  <center>\n
Action.c(57):       10/17/2024\n
Action.c(57):      :  5pm : Flight 432 leaves Paris  for Los Angeles.<br>  </center>\n
Action.c(57):       </TD>\n
Action.c(57):     </TR>\n
Action.c(57):     \n
Action.c(57):     <TR bgcolor="#EFF2F7">\n
Action.c(57):       <TD COLSPAN="4">\n
Action.c(57):       <hr/>\n
Action.c(57):       </TD>\n
Action.c(57):     </TR>\n
Action.c(57):     \n
Action.c(57):     <!-- Flight #1 -->\n
Action.c(57):     <TR bgcolor="#EFF2F7">\n
Action.c(57):       <TD width="5%" rowspan="2" align="left" valign="top">\n
Action.c(57):     <b>\n
Action.c(57):     <label><input type="checkbox" name="25" value="on" /></label></font></b>\n
Action.c(57):     <input type="hidden" name="flightID" value="349047067-19293-KM"  />\n
Action.c(57):       </TD>\n
Action.c(57):       <TD width="45%" valign="top">\n
Action.c(57):           <b>&nbsp;&nbsp;A Business class ticket for :</b><br/>\n
Action.c(57):           <center><table border="0" width="85%"><tr><td>\n
Action.c(57):           <li><i>Kate Miller\n
Action.c(57):           <li><i></i>\n
Action.c(57):           </td></tr></table></center>\n
Action.c(57):       </TD>\n
Action.c(57):       <TD width="5%" >.<br/>.<br/>.<br/>.</TD>\n
Action.c(57):       <TD width="45%" valign=top><b>Invoice sent to:</b><br/>\n
Action.c(57):           <center>\n
Action.c(57):           <Table width="80%" cellspacing="0" > <tr> <td>\n
Action.c(57):               Kate Miller\n
Action.c(57):     <br/>\n
Action.c(57):               987 Pine Dr<br/>\n
Action.c(57):               Philadelphia<br/>\n
Action.c(57):               <br/>\n
Action.c(57):               Total Charge: $ 819 <BR/> (CC: x-9424)\n
Action.c(57):           </td> </tr> </table>\n
Action.c(57):           </center>\n
Action.c(57):       </TD>\n
Action.c(57):     </TR>\n
Action.c(57):     <TR bgcolor="#EFF2F7">\n
Action.c(57):       <TD COLSPAN="3">\n
Action.c(57):       <b>Flight Details:</b><BR/>  <center>\n
Action.c(57):       10/17/2024\n
Action.c(57):      :  8am : Flight 270 leaves London  for Seattle.<br>  </center>\n
Action.c(57):       </TD>\n
Action.c(57):     </TR>\n
Action.c(57):     \n
Action.c(57):     <TR bgcolor="#EFF2F7">\n
Action.c(57):       <TD COLSPAN="4">\n
Action.c(57):       <hr/>\n
Action.c(57):       </TD>\n
Action.c(57):     </TR>\n
Action.c(57):     \n
Action.c(57):     <!-- Flight #1 -->\n
Action.c(57):     <TR bgcolor="#EFF2F7">\n
Action.c(57):       <TD width="5%" rowspan="2" align="left" valign="top">\n
Action.c(57):     <b>\n
Action.c(57):     <label><input type="checkbox" name="26" value="on" /></label><
Action.c(57): t=420385ms: 8-byte chunked response overhead for "http://localhost:1080/cgi-bin/itinerary.pl" (RelFrameId=1.2, Internal ID=143)
Action.c(57):     \r\n
Action.c(57):     1000\r\n
Action.c(57): t=420385ms: 8-byte chunked response overhead for "http://localhost:1080/cgi-bin/itinerary.pl" (RelFrameId=1.2, Internal ID=143)
Action.c(57):     \r\n
Action.c(57):     1000\r\n
Action.c(57): t=420385ms: 7-byte chunked response overhead for "http://localhost:1080/cgi-bin/itinerary.pl" (RelFrameId=1.2, Internal ID=143)
Action.c(57):     \r\n
Action.c(57):     a24\r\n
Action.c(57): t=420385ms: 7-byte chunked response overhead for "http://localhost:1080/cgi-bin/itinerary.pl" (RelFrameId=1.2, Internal ID=143)
Action.c(57):     \r\n
Action.c(57):     0\r\n
Action.c(57):     \r\n
Action.c(57): t=420385ms: 10836-byte chunked response body for "http://localhost:1080/cgi-bin/itinerary.pl" (RelFrameId=1.2, Internal ID=143)
Action.c(57):     /font></b>\n
Action.c(57):     <input type="hidden" name="flightID" value="349056046-20020-KM"  />\n
Action.c(57):       </TD>\n
Action.c(57):       <TD width="45%" valign="top">\n
Action.c(57):           <b>&nbsp;&nbsp;A Coach class ticket for :</b><br/>\n
Action.c(57):           <center><table border="0" width="85%"><tr><td>\n
Action.c(57):           <li><i>Kate Miller\n
Action.c(57):           <li><i></i>\n
Action.c(57):           </td></tr></table></center>\n
Action.c(57):       </TD>\n
Action.c(57):       <TD width="5%" >.<br/>.<br/>.<br/>.</TD>\n
Action.c(57):       <TD width="45%" valign=top><b>Invoice sent to:</b><br/>\n
Action.c(57):           <center>\n
Action.c(57):           <Table width="80%" cellspacing="0" > <tr> <td>\n
Action.c(57):               Kate Miller\n
Action.c(57):     <br/>\n
Action.c(57):               987 Pine Dr<br/>\n
Action.c(57):               Philadelphia<br/>\n
Action.c(57):               <br/>\n
Action.c(57):               Total Charge: $ 261 <BR/> (CC: x-9424)\n
Action.c(57):           </td> </tr> </table>\n
Action.c(57):           </center>\n
Action.c(57):       </TD>\n
Action.c(57):     </TR>\n
Action.c(57):     <TR bgcolor="#EFF2F7">\n
Action.c(57):       <TD COLSPAN="3">\n
Action.c(57):       <b>Flight Details:</b><BR/>  <center>\n
Action.c(57):       10/17/2024\n
Action.c(57):      :  11pm : Flight 513 leaves Portland  for Frankfurt.<br>  </center>\n
Action.c(57):       </TD>\n
Action.c(57):     </TR>\n
Action.c(57):     \n
Action.c(57):     <TR bgcolor="#EFF2F7">\n
Action.c(57):       <TD COLSPAN="4">\n
Action.c(57):       <hr/>\n
Action.c(57):       </TD>\n
Action.c(57):     </TR>\n
Action.c(57):     \n
Action.c(57):     <!-- Flight #1 -->\n
Action.c(57):     <TR bgcolor="#EFF2F7">\n
Action.c(57):       <TD width="5%" rowspan="2" align="left" valign="top">\n
Action.c(57):     <b>\n
Action.c(57):     <label><input type="checkbox" name="27" value="on" /></label></font></b>\n
Action.c(57):     <input type="hidden" name="flightID" value="3490548247-207898-KM"  />\n
Action.c(57):       </TD>\n
Action.c(57):       <TD width="45%" valign="top">\n
Action.c(57):           <b>&nbsp;&nbsp;A First class ticket for :</b><br/>\n
Action.c(57):           <center><table border="0" width="85%"><tr><td>\n
Action.c(57):           <li><i>Kate Miller\n
Action.c(57):           <li><i></i>\n
Action.c(57):           </td></tr></table></center>\n
Action.c(57):       </TD>\n
Action.c(57):       <TD width="5%" >.<br/>.<br/>.<br/>.</TD>\n
Action.c(57):       <TD width="45%" valign=top><b>Invoice sent to:</b><br/>\n
Action.c(57):           <center>\n
Action.c(57):           <Table width="80%" cellspacing="0" > <tr> <td>\n
Action.c(57):               Kate Miller\n
Action.c(57):     <br/>\n
Action.c(57):               987 Pine Dr<br/>\n
Action.c(57):               Philadelphia<br/>\n
Action.c(57):               <br/>\n
Action.c(57):               Total Charge: $ 2679 <BR/> (CC: x-9424)\n
Action.c(57):           </td> </tr> </table>\n
Action.c(57):           </center>\n
Action.c(57):       </TD>\n
Action.c(57):     </TR>\n
Action.c(57):     <TR bgcolor="#EFF2F7">\n
Action.c(57):       <TD COLSPAN="3">\n
Action.c(57):       <b>Flight Details:</b><BR/>  <center>\n
Action.c(57):       10/17/2024\n
Action.c(57):      :  8am : Flight 480 leaves Paris  for Sydney.<br>  </center>\n
Action.c(57):       </TD>\n
Action.c(57):     </TR>\n
Action.c(57):     \n
Action.c(57):     <TR bgcolor="#EFF2F7">\n
Action.c(57):       <TD COLSPAN="4">\n
Action.c(57):       <hr/>\n
Action.c(57):       </TD>\n
Action.c(57):     </TR>\n
Action.c(57):     \n
Action.c(57):     <!-- Flight #1 -->\n
Action.c(57):     <TR bgcolor="#EFF2F7">\n
Action.c(57):       <TD width="5%" rowspan="2" align="left" valign="top">\n
Action.c(57):     <b>\n
Action.c(57):     <label><input type="checkbox" name="28" value="on" /></label></font></b>\n
Action.c(57):     <input type="hidden" name="flightID" value="349058226-21547-KM"  />\n
Action.c(57):       </TD>\n
Action.c(57):       <TD width="45%" valign="top">\n
Action.c(57):           <b>&nbsp;&nbsp;A First class ticket for :</b><br/>\n
Action.c(57):           <center><table border="0" width="85%"><tr><td>\n
Action.c(57):           <li><i>Kate Miller\n
Action.c(57):           <li><i></i>\n
Action.c(57):           </td></tr></table></center>\n
Action.c(57):       </TD>\n
Action.c(57):       <TD width="5%" >.<br/>.<br/>.<br/>.</TD>\n
Action.c(57):       <TD width="45%" valign=top><b>Invoice sent to:</b><br/>\n
Action.c(57):           <center>\n
Action.c(57):           <Table width="80%" cellspacing="0" > <tr> <td>\n
Action.c(57):               Kate Miller\n
Action.c(57):     <br/>\n
Action.c(57):               987 Pine Dr<br/>\n
Action.c(57):               Philadelphia<br/>\n
Action.c(57):               <br/>\n
Action.c(57):               Total Charge: $ 115 <BR/> (CC: x-9424)\n
Action.c(57):           </td> </tr> </table>\n
Action.c(57):           </center>\n
Action.c(57):       </TD>\n
Action.c(57):     </TR>\n
Action.c(57):     <TR bgcolor="#EFF2F7">\n
Action.c(57):       <TD COLSPAN="3">\n
Action.c(57):       <b>Flight Details:</b><BR/>  <center>\n
Action.c(57):       10/17/2024\n
Action.c(57):      :  5pm : Flight 572 leaves Portland  for Seattle.<br>  </center>\n
Action.c(57):       </TD>\n
Action.c(57):     </TR>\n
Action.c(57):     \n
Action.c(57):     <TR bgcolor="#EFF2F7">\n
Action.c(57):       <TD COLSPAN="4">\n
Action.c(57):       <hr/>\n
Action.c(57):       </TD>\n
Action.c(57):     </TR>\n
Action.c(57):     \n
Action.c(57):     <!-- Flight #1 -->\n
Action.c(57):     <TR bgcolor="#EFF2F7">\n
Action.c(57):       <TD width="5%" rowspan="2" align="left" valign="top">\n
Action.c(57):     <b>\n
Action.c(57):     <label><input type="checkbox" name="29" value="on" /></label></font></b>\n
Action.c(57):     <input type="hidden" name="flightID" value="349054169-22352-KM"  />\n
Action.c(57):       </TD>\n
Action.c(57):       <TD width="45%" valign="top">\n
Action.c(57):           <b>&nbsp;&nbsp;A Coach class ticket for :</b><br/>\n
Action.c(57):           <center><table border="0" width="85%"><tr><td>\n
Action.c(57):           <li><i>Kate Miller\n
Action.c(57):           <li><i></i>\n
Action.c(57):           </td></tr></table></center>\n
Action.c(57):       </TD>\n
Action.c(57):       <TD width="5%" >.<br/>.<br/>.<br/>.</TD>\n
Action.c(57):       <TD width="45%" valign=top><b>Invoice sent to:</b><br/>\n
Action.c(57):           <center>\n
Action.c(57):           <Table width="80%" cellspacing="0" > <tr> <td>\n
Action.c(57):               Kate Miller\n
Action.c(57):     <br/>\n
Action.c(57):               987 Pine Dr<br/>\n
Action.c(57):               Philadelphia<br/>\n
Action.c(57):               <br/>\n
Action.c(57):               Total Charge: $ 588 <BR/> (CC: x-9424)\n
Action.c(57):           </td> </tr> </table>\n
Action.c(57):           </center>\n
Action.c(57):       </TD>\n
Action.c(57):     </TR>\n
Action.c(57):     <TR bgcolor="#EFF2F7">\n
Action.c(57):       <TD COLSPAN="3">\n
Action.c(57):       <b>Flight Details:</b><BR/>  <center>\n
Action.c(57):       10/17/2024\n
Action.c(57):      :  5pm : Flight 462 leaves Paris  for San Francisco.<br>  </center>\n
Action.c(57):       </TD>\n
Action.c(57):     </TR>\n
Action.c(57):     \n
Action.c(57):     <TR bgcolor="#EFF2F7">\n
Action.c(57):       <TD COLSPAN="4">\n
Action.c(57):       <hr/>\n
Action.c(57):       </TD>\n
Action.c(57):     </TR>\n
Action.c(57):     \n
Action.c(57):     <!-- Flight #1 -->\n
Action.c(57):     <TR bgcolor="#EFF2F7">\n
Action.c(57):       <TD width="5%" rowspan="2" align="left" valign="top">\n
Action.c(57):     <b>\n
Action.c(57):     <label><input type="checkbox" name="30" value="on" /></label></font></b>\n
Action.c(57):     <input type="hidden" name="flightID" value="349043360-23133-KM"  />\n
Action.c(57):       </TD>\n
Action.c(57):       <TD width="45%" valign="top">\n
Action.c(57):           <b>&nbsp;&nbsp;A Business class ticket for :</b><br/>\n
Action.c(57):           <center><table border="0" width="85%"><tr><td>\n
Action.c(57):           <li><i>Kate Miller\n
Action.c(57):           <li><i></i>\n
Action.c(57):           </td></tr></table></center>\n
Action.c(57):       </TD>\n
Action.c(57):       <TD width="5%" >.<br/>.<br/>.<br/>.</TD>\n
Action.c(57):       <TD width="45%" valign=top><b>Invoice sent to:</b><br/>\n
Action.c(57):           <center>\n
Action.c(57):           <Table width="80%" cellspacing="0" > <tr> <td>\n
Action.c(57):               Kate Miller\n
Action.c(57):     <br/>\n
Action.c(57):               987 Pine Dr<br/>\n
Action.c(57):               Philadelphia<br/>\n
Action.c(57):               <br/>\n
Action.c(57):               Total Charge: $ 740 <BR/> (CC: x-9424)\n
Action.c(57):           </td> </tr> </table>\n
Action.c(57):           </center>\n
Action.c(57):       </TD>\n
Action.c(57):     </TR>\n
Action.c(57):     <TR bgcolor="#EFF2F7">\n
Action.c(57):       <TD COLSPAN="3">\n
Action.c(57):       <b>Flight Details:</b><BR/>  <center>\n
Action.c(57):       10/17/2024\n
Action.c(57):      :  8am : Flight 170 leaves Frankfurt  for Seattle.<br>  </center>\n
Action.c(57):       </TD>\n
Action.c(57):     </TR>\n
Action.c(57):     \n
Action.c(57):     <TR bgcolor="#EFF2F7">\n
Action.c(57):       <TD COLSPAN="4">\n
Action.c(57):       <hr/>\n
Action.c(57):       </TD>\n
Action.c(57):     </TR>\n
Action.c(57):     \n
Action.c(57):     <!-- Flight #1 -->\n
Action.c(57):     <TR bgcolor="#EFF2F7">\n
Action.c(57):       <TD width="5%" rowspan="2" align="left" valign="top">\n
Action.c(57):     <b>\n
Action.c(57):     <label><input type="checkbox" name="31" value="on" /></label></font></b>\n
Action.c(57):     <input type="hidden" name="flightID" value="349042229-23860-KM"  />\n
Action.c(57):       </TD>\n
Action.c(57):       <TD width="45%" valign="top">\n
Action.c(57):           <b>&nbsp;&nbsp;A Business class ticket for :</b><br/>\n
Action.c(57):           <center><table border="0" width="85%"><tr><td>\n
Action.c(57):           <li><i>Kate Miller\n
Action.c(57):           <li><i></i>\n
Action.c(57):           </td></tr></table></center>\n
Action.c(57):       </TD>\n
Action.c(57):       <TD width="5%" >.<br/>.<br/>.<br/>.</TD>\n
Action.c(57):       <TD width="45%" valign=top><b>Invoice sent to:</b><br/>\n
Action.c(57):           <center>\n
Action.c(57):           <Table width="80%" cellspacing="0" > <tr> <td>\n
Action.c(57):               Kate Miller\n
Action.c(57):     <br/>\n
Action.c(57):               987 Pine Dr<br/>\n
Action.c(57):               Philadelphia<br/>\n
Action.c(57):               <br/>\n
Action.c(57):               Total Charge: $ 186 <BR/> (CC: x-9424)\n
Action.c(57):           </td> </tr> </table>\n
Action.c(57):           </center>\n
Action.c(57):       </TD>\n
Action.c(57):     </TR>\n
Action.c(57):     <TR bgcolor="#EFF2F7">\n
Action.c(57):       <TD COLSPAN="3">\n
Action.c(57):       <b>Flight Details:</b><BR/>  <center>\n
Action.c(57):       10/17/2024\n
Action.c(57):      :  8am : Flight 140 leaves Frankfurt  for Paris.<br>  </center>\n
Action.c(57):       </TD>\n
Action.c(57):     </TR>\n
Action.c(57):     \n
Action.c(57):     <TR bgcolor="#EFF2F7">\n
Action.c(57):       <TD COLSPAN="4">\n
Action.c(57):       <hr/>\n
Action.c(57):       </TD>\n
Action.c(57):     </TR>\n
Action.c(57):     \n
Action.c(57):     <!-- Flight #1 -->\n
Action.c(57):     <TR bgcolor="#EFF2F7">\n
Action.c(57):       <TD width="5%" rowspan="2" align="left" valign="top">\n
Action.c(57):     <b>\n
Action.c(57):     <label><input type="checkbox" name="32" value="on" /></label></font></b>\n
Action.c(57):     <input type="hidden" name="flightID" value="349073027-24672-KM"  />\n
Action.c(57):       </TD>\n
Action.c(57):       <TD width="45%" valign="top">\n
Action.c(57):           <b>&nbsp;&nbsp;A First class ticket for :</b><br/>\n
Action.c(57):           <center><table border="0" width="85%"><tr><td>\n
Action.c(57):           <li><i>Kate Miller\n
Action.c(57):           <li><i></i>\n
Action.c(57):           </td></tr></table></center>\n
Action.c(57):       </TD>\n
Action.c(57):       <TD width="5%" >.<br/>.<br/>.<br/>.</TD>\n
Action.c(57):       <TD width="45%" valign=top><b>Invoice sent to:</b><br/>\n
Action.c(57):           <center>\n
Action.c(57):           <Table width="80%" cellspacing="0" > <tr> <td>\n
Action.c(57):               Kate Miller\n
Action.c(57):     <br/>\n
Action.c(57):               987 Pine Dr<br/>\n
Action.c(57):               Philadelphia<br/>\n
Action.c(57):               <br/>\n
Action.c(57):               Total Charge: $ 747 <BR/> (CC: x-9424)\n
Action.c(57):           </td> </tr> </table>\n
Action.c(57):           </center>\n
Action.c(57):       </TD>\n
Action.c(57):     </TR>\n
Action.c(57):     <TR bgcolor="#EFF2F7">\n
Action.c(57):       <TD COLSPAN="3">\n
Action.c(57):       <b>Flight Details:</b><BR/>  <center>\n
Action.c(57):       10/17/2024\n
Action.c(57):      :  1pm : Flight 971 leaves Zurich  for Seattle.<br>  </center>\n
Action.c(57):       </TD>\n
Action.c(57):     </TR>\n
Action.c(57):     \n
Action.c(57):     <TR bgcolor="#EFF2F7">\n
Action.c(57):       <TD COLSPAN="4">\n
Action.c(57):       <hr/>\n
Action.c(57):       </TD>\n
Action.c(57):     </TR>\n
Action.c(57):     \n
Action.c(57):     <!-- Flight #1 -->\n
Action.c(57):     <TR bgcolor="#EFF2F7">\n
Action.c(57):       <TD width="5%" rowspan="2" align="left" valign="top">\n
Action.c(57):     <b>\n
Action.c(57):     <label><input type="checkbox" name="33" value="on" /></label></font></b>\n
Action.c(57):     <input type="hidden" name="flightID" value="3490456347-253951-KM"  />\n
Action.c(57):       </TD>\n
Action.c(57):       <TD width="45%" valign="top">\n
Action.c(57):           <b>&nbsp;&nbsp;A First class ticket for :</b><br/>\n
Action.c(57):           <center><table border="0" width="85%"><tr><td>\n
Action.c(57):           <li><i>Kate Miller\n
Action.c(57):           <li><i></i>\n
Action.c(57):           </td></tr></table></center>\n
Action.c(57):       </TD>\n
Action.c(57):       <TD width="5%" >.<br/>.<br/>.<br/>.</TD>\n
Action.c(57):       <TD width="45%" valign=top><b>Invoice sent to:</b><br/>\n
Action.c(57):           <center>\n
Action.c(57):           <Table width="80%" cellspacing="0" > <tr> <td>\n
Action.c(57):               Kate Miller\n
Action.c(57):     <br/>\n
Action.c(57):               987 Pine Dr<br/>\n
Action.c(57):               Philadelphia<br/>\n
Action.c(57):               <br/>\n
Action.c(57):               Total Charge: $ 1370 <BR/> (CC: x-9424)\n
Action.c(57):           </td> </tr> </table>\n
Action.c(57):           </center>\n
Action.c(57):       </TD>\n
Action.c(57):     </TR>\n
Action.c(57):     <TR bgcolor="#EFF2F7">\n
Action.c(57):       <TD COLSPAN="3">\n
Action.c(57):       <b>Flight Details:</b><BR/>  <center>\n
Action.c(57):       10/17/2024\n
Action.c(57):      :  5pm : Flight 232 leaves London  for Los Angeles.<br>  </center>\n
Action.c(57):       </TD>\n
Action.c(57):     </TR>\n
Action.c(57):     \n
Action.c(57):     <TR bgcolor="#EFF2F7">\n
Action.c(57):       <TD COLSPAN="4">\n
Action.c(57):       <hr/>\n
Action.c(57):       </TD>\n
Action.c(57):     </TR>\n
Action.c(57):     <TR>\n
Action.c(57):        <TD align="center" COLSPAN="4">\n
Action.c(57):        <b>A total of 33 scheduled flights.</font></b>\n
Action.c(57):        </TD>\n
Action.c(57):     </TR>\n
Action.c(57):     </TABLE>\n
Action.c(57):     \n
Action.c(57):     <TABLE WIDTH="87%" BORDER="0" CELLSPACING="0">\n
Action.c(57):     <TR>\n
Action.c(57):     <TD align="left" width="50%" >\n
Action.c(57):     <input type="image" name="removeFlights" src="/WebTours/images/cancelreservation.gif" bord
Action.c(57):     er="0" /></TD>\n
Action.c(57):     <TD align="right" width="50%" >\n
Action.c(57):     <input type="image" name="removeAllFlights" src="/WebTours/images/cancelallreservations.gi
Action.c(57):     f" border="0" /></TD>\n
Action.c(57):     </TABLE>\n
Action.c(57):     \n
Action.c(57):     <div><input type="hidden" name=".cgifields" value="33"  /><input type="hidden" name=".cgif
Action.c(57):     ields" value="32"  /><input type="hidden" name=".cgifields" value="21"  /><input type="hid
Action.c(57):     den" name=".cgifields" value="7"  /><input type="hidden" name=".cgifields" value="26"  /><
Action.c(57):     input type="hidden" name=".cgifields" value="17"  /><input type="hidden" name=".cgifields"
Action.c(57):      value="2"  /><input type="hidden" name=".cgifields" value="1"  /><input type="hidden" nam
Action.c(57):     e=".cgifields" value="18"  /><input type="hidden" name=".cgifields" value="30"  /><input t
Action.c(57):     ype="hidden" name=".cgifields" value="16"  /><input type="hidden" name=".cgifields" value=
Action.c(57):     "27"  /><input type="hidden" name=".cgifields" value="25"  /><input type="hidden" name=".c
Action.c(57):     gifields" value="28"  /><input type="hidden" name=".cgifields" value="20"  /><input type="
Action.c(57):     hidden" name=".cgifields" value="14"  /><input type="hidden" name=".cgifields" value="24" 
Action.c(57):      /><input type="hidden" name=".cgifields" value="10"  /><input type="hidden" name=".cgifie
Action.c(57):     lds" value="31"  /><input type="hidden" name=".cgifields" value="11"  /><input type="hidde
Action.c(57):     n" name=".cgifields" value="22"  /><input type="hidden" name=".cgifields" value="13"  /><i
Action.c(57):     nput type="hidden" name=".cgifields" value="23"  /><input type="hidden" name=".cgifields" 
Action.c(57):     value="29"  /><input type="hidden" name=".cgifields" value="6"  /><input type="hidden" nam
Action.c(57):     e=".cgifields" value="3"  /><input type="hidden" name=".cgifields" value="9"  /><input typ
Action.c(57):     e="hidden" name=".cgifields" value="12"  /><input type="hidden" name=".cgifields" value="1
Action.c(57):     5"  /><input type="hidden" name=".cgifields" value="8"  /><input type="hidden" name=".cgif
Action.c(57):     ields" value="4"  /><input type="hidden" name=".cgifields" value="19"  /><input type="hidd
Action.c(57):     en" name=".cgifields" value="5"  /></div></form>\n
Action.c(57):     \n
Action.c(57):     </center>\n
Action.c(57):     \n
Action.c(57):     </body>\n
Action.c(57):     </html>
Action.c(57): Found resource "http://localhost:1080/WebTours/images/cancelreservation.gif" in HTML "http://localhost:1080/cgi-bin/itinerary.pl"  	[MsgId: MMSG-26659]
Action.c(57): Found resource "http://localhost:1080/WebTours/images/cancelallreservations.gif" in HTML "http://localhost:1080/cgi-bin/itinerary.pl"  	[MsgId: MMSG-26659]
Action.c(57): t=420389ms: Request done "http://localhost:1080/cgi-bin/itinerary.pl"  	[MsgId: MMSG-26000]
Action.c(57): t=420389ms: Already connected [1] to localhost:1080  	[MsgId: MMSG-26000]
Action.c(57): t=420389ms: 553-byte request headers for "http://localhost:1080/WebTours/images/cancelreservation.gif" (RelFrameId=, Internal ID=146)
Action.c(57):     GET /WebTours/images/cancelreservation.gif HTTP/1.1\r\n
Action.c(57):     Referer: http://localhost:1080/cgi-bin/itinerary.pl\r\n
Action.c(57):     Upgrade-Insecure-Requests: 1\r\n
Action.c(57):     Priority: u=4\r\n
Action.c(57):     User-Agent: Mozilla/5.0 (Windows NT 10.0; Win64; x64; rv:130.0) Gecko/20100101 Firefox/130
Action.c(57):     .0\r\n
Action.c(57):     Accept-Encoding: gzip, deflate\r\n
Action.c(57):     Accept-Language: ru-RU,ru;q=0.8,en-US;q=0.5,en;q=0.3\r\n
Action.c(57):     Accept: */*\r\n
Action.c(57):     Connection: Keep-Alive\r\n
Action.c(57):     Host: localhost:1080\r\n
Action.c(57):     Cookie: MSO=SID&1729090710; MTUserInfo=firstName&Kate&address2&Kate&username&user6&hash&11
Action.c(57):     8&lastName&Miller%0A&address1&987%20Pine%20Dr&creditCard&&expDate&%0A\r\n
Action.c(57):     \r\n
Action.c(57): t=420389ms: Already connected [3] to localhost:1080  	[MsgId: MMSG-26000]
Action.c(57): t=420389ms: 557-byte request headers for "http://localhost:1080/WebTours/images/cancelallreservations.gif" (RelFrameId=, Internal ID=147)
Action.c(57):     GET /WebTours/images/cancelallreservations.gif HTTP/1.1\r\n
Action.c(57):     Referer: http://localhost:1080/cgi-bin/itinerary.pl\r\n
Action.c(57):     Upgrade-Insecure-Requests: 1\r\n
Action.c(57):     Priority: u=4\r\n
Action.c(57):     User-Agent: Mozilla/5.0 (Windows NT 10.0; Win64; x64; rv:130.0) Gecko/20100101 Firefox/130
Action.c(57):     .0\r\n
Action.c(57):     Accept-Encoding: gzip, deflate\r\n
Action.c(57):     Accept-Language: ru-RU,ru;q=0.8,en-US;q=0.5,en;q=0.3\r\n
Action.c(57):     Accept: */*\r\n
Action.c(57):     Connection: Keep-Alive\r\n
Action.c(57):     Host: localhost:1080\r\n
Action.c(57):     Cookie: MSO=SID&1729090710; MTUserInfo=firstName&Kate&address2&Kate&username&user6&hash&11
Action.c(57):     8&lastName&Miller%0A&address1&987%20Pine%20Dr&creditCard&&expDate&%0A\r\n
Action.c(57):     \r\n
Action.c(57): t=420389ms: 298-byte response headers for "http://localhost:1080/WebTours/images/cancelallreservations.gif" (RelFrameId=, Internal ID=147)
Action.c(57):     HTTP/1.1 200 OK\r\n
Action.c(57):     Date: Wed, 16 Oct 2024 14:58:40 GMT\r\n
Action.c(57):     Server: Apache/2.2.21 (Win32)\r\n
Action.c(57):     Last-Modified: Thu, 12 Jan 2012 13:30:28 GMT\r\n
Action.c(57):     ETag: "a000000000bed7-2e6-4b654c0620500"\r\n
Action.c(57):     Accept-Ranges: bytes\r\n
Action.c(57):     Content-Length: 742\r\n
Action.c(57):     Keep-Alive: timeout=5, max=99\r\n
Action.c(57):     Connection: Keep-Alive\r\n
Action.c(57):     Content-Type: image/gif\r\n
Action.c(57):     \r\n
Action.c(57): t=420389ms: 742-byte response body for "http://localhost:1080/WebTours/images/cancelallreservations.gif" (RelFrameId=, Internal ID=147)
Action.c(57): t=420389ms: Request done "http://localhost:1080/WebTours/images/cancelallreservations.gif"  	[MsgId: MMSG-26000]
Action.c(57): t=420399ms: 298-byte response headers for "http://localhost:1080/WebTours/images/in_itinerary.gif" (RelFrameId=, Internal ID=144)
Action.c(57):     HTTP/1.1 200 OK\r\n
Action.c(57):     Date: Wed, 16 Oct 2024 14:58:40 GMT\r\n
Action.c(57):     Server: Apache/2.2.21 (Win32)\r\n
Action.c(57):     Last-Modified: Thu, 12 Jan 2012 13:30:28 GMT\r\n
Action.c(57):     ETag: "6f00000000c003-2dd-4b654c0620500"\r\n
Action.c(57):     Accept-Ranges: bytes\r\n
Action.c(57):     Content-Length: 733\r\n
Action.c(57):     Keep-Alive: timeout=5, max=99\r\n
Action.c(57):     Connection: Keep-Alive\r\n
Action.c(57):     Content-Type: image/gif\r\n
Action.c(57):     \r\n
Action.c(57): t=420399ms: 733-byte response body for "http://localhost:1080/WebTours/images/in_itinerary.gif" (RelFrameId=, Internal ID=144)
Action.c(57): t=420399ms: Request done "http://localhost:1080/WebTours/images/in_itinerary.gif"  	[MsgId: MMSG-26000]
Action.c(57): t=420429ms: 298-byte response headers for "http://localhost:1080/WebTours/images/cancelreservation.gif" (RelFrameId=, Internal ID=146)
Action.c(57):     HTTP/1.1 200 OK\r\n
Action.c(57):     Date: Wed, 16 Oct 2024 14:58:40 GMT\r\n
Action.c(57):     Server: Apache/2.2.21 (Win32)\r\n
Action.c(57):     Last-Modified: Thu, 12 Jan 2012 13:30:28 GMT\r\n
Action.c(57):     ETag: "3a00000000bedf-33f-4b654c0620500"\r\n
Action.c(57):     Accept-Ranges: bytes\r\n
Action.c(57):     Content-Length: 831\r\n
Action.c(57):     Keep-Alive: timeout=5, max=98\r\n
Action.c(57):     Connection: Keep-Alive\r\n
Action.c(57):     Content-Type: image/gif\r\n
Action.c(57):     \r\n
Action.c(57): t=420430ms: 831-byte response body for "http://localhost:1080/WebTours/images/cancelreservation.gif" (RelFrameId=, Internal ID=146)
Action.c(57): t=420430ms: Request done "http://localhost:1080/WebTours/images/cancelreservation.gif"  	[MsgId: MMSG-26000]
Action.c(57): Registered web_reg_find successful for "Text=<b>Itinerary</font></b>" (count=1)  	[MsgId: MMSG-26364]
Action.c(57): web_image("Itinerary Button") was successful, 44403 body bytes, 1919 header bytes, 107 chunking overhead bytes  	[MsgId: MMSG-26385]
Action.c(62): Notify: Transaction "open_bills" ended with a "Pass" status (Duration: 0,1085 Wasted Time: 0,0001).	[MsgId: MMSG-16871]
Action.c(63): lr_think_time: 5,00 seconds.	[MsgId: MMSG-15948]
Action.c(66): Notify: Transaction "logout" started.	[MsgId: MMSG-16999]
Action.c(67): web_reg_find started  	[MsgId: MMSG-26355]
Action.c(67): Registering web_reg_find was successful  	[MsgId: MMSG-26390]
Action.c(68): web_image("SignOff Button") started  	[MsgId: MMSG-26355]
Action.c(68): Image-linking to "http://localhost:1080/cgi-bin/welcome.pl?signOff=1", Target Frame="body"  	[MsgId: MMSG-27993]
Action.c(68): t=425430ms: Closed connection [0] to localhost:1080 after completing 2 request(s)  	[MsgId: MMSG-26000]
Action.c(68): t=425431ms: Connecting [0] to host 127.0.0.1:1080  	[MsgId: MMSG-26000]
Action.c(68): t=425431ms: Inactive socket [1] was closed by localhost:1080, probably due to Keep-Alive timeout  	[MsgId: MMSG-26000]
Action.c(68): t=425431ms: Closed connection [1] to localhost:1080 after completing 3 request(s)  	[MsgId: MMSG-26000]
Action.c(68): t=425431ms: Inactive socket [2] was closed by localhost:1080, probably due to Keep-Alive timeout  	[MsgId: MMSG-26000]
Action.c(68): t=425431ms: Closed connection [2] to localhost:1080 after completing 3 request(s)  	[MsgId: MMSG-26000]
Action.c(68): t=425431ms: Inactive socket [3] was closed by localhost:1080, probably due to Keep-Alive timeout  	[MsgId: MMSG-26000]
Action.c(68): t=425431ms: Closed connection [3] to localhost:1080 after completing 2 request(s)  	[MsgId: MMSG-26000]
Action.c(68): t=425431ms: Connected socket [0] from 127.0.0.1:31755 to 127.0.0.1:1080 in 0 ms  	[MsgId: MMSG-26000]
Action.c(68): t=425431ms: 531-byte request headers for "http://localhost:1080/cgi-bin/welcome.pl?signOff=1" (RelFrameId=1, Internal ID=148)
Action.c(68):     GET /cgi-bin/welcome.pl?signOff=1 HTTP/1.1\r\n
Action.c(68):     Referer: http://localhost:1080/cgi-bin/nav.pl?page=menu&in=itinerary\r\n
Action.c(68):     Priority: u=4\r\n
Action.c(68):     User-Agent: Mozilla/5.0 (Windows NT 10.0; Win64; x64; rv:130.0) Gecko/20100101 Firefox/130
Action.c(68):     .0\r\n
Action.c(68):     Accept-Encoding: gzip, deflate\r\n
Action.c(68):     Accept-Language: ru-RU,ru;q=0.8,en-US;q=0.5,en;q=0.3\r\n
Action.c(68):     Accept: */*\r\n
Action.c(68):     Connection: Keep-Alive\r\n
Action.c(68):     Host: localhost:1080\r\n
Action.c(68):     Cookie: MSO=SID&1729090710; MTUserInfo=firstName&Kate&address2&Kate&username&user6&hash&11
Action.c(68):     8&lastName&Miller%0A&address1&987%20Pine%20Dr&creditCard&&expDate&%0A\r\n
Action.c(68):     \r\n
Action.c(68): t=425455ms: 328-byte response headers for "http://localhost:1080/cgi-bin/welcome.pl?signOff=1" (RelFrameId=1, Internal ID=148)
Action.c(68):     HTTP/1.1 200 OK\r\n
Action.c(68):     Date: Wed, 16 Oct 2024 14:58:45 GMT\r\n
Action.c(68):     Server: Apache/2.2.21 (Win32)\r\n
Action.c(68):     Set-Cookie: MSO=SID&1729090725; path=/\r\n
Action.c(68):     Set-Cookie: MTUserInfo=; path=/; expires=Tue, 15-Oct-2024 14:58:45 GMT\r\n
Action.c(68):     Keep-Alive: timeout=5, max=100\r\n
Action.c(68):     Connection: Keep-Alive\r\n
Action.c(68):     Transfer-Encoding: chunked\r\n
Action.c(68):     Content-Type: text/html; charset=ISO-8859-1\r\n
Action.c(68):     \r\n
Action.c(68): t=425456ms: 5-byte chunked response overhead for "http://localhost:1080/cgi-bin/welcome.pl?signOff=1" (RelFrameId=1, Internal ID=148)
Action.c(68):     2ae\r\n
Action.c(68): t=425456ms: 2-byte chunked response overhead for "http://localhost:1080/cgi-bin/welcome.pl?signOff=1" (RelFrameId=1, Internal ID=148)
Action.c(68):     \r\n
Action.c(68): t=425456ms: 686-byte chunked response body for "http://localhost:1080/cgi-bin/welcome.pl?signOff=1" (RelFrameId=1, Internal ID=148)
Action.c(68):     <!-- \n
Action.c(68):      A Session ID has been created and loaded into a cookie called MSO.\n
Action.c(68):      Also, the server options have been loaded into the cookie called\n
Action.c(68):      MSO as well.  The server options can be set via the Admin page.\n
Action.c(68):      --->\n
Action.c(68):     \n
Action.c(68):     <html>\n
Action.c(68):     <title>Web Tours</title>\n
Action.c(68):        <!-- Frame Set -->\n
Action.c(68):        <frameset cols="160,*" border="1" frameborder="1">\n
Action.c(68):           <!-- Navigation Frame -->\n
Action.c(68):           <frame src="nav.pl?in=home" name="navbar" marginheight="2" marginwidth="2" \n
Action.c(68):                 noresize="noresize" scrolling="auto"/>\n
Action.c(68):           <!-- Home Frame -->\n
Action.c(68):           <frame src="/WebTours/home.html" name="info" marginheight="2" marginwidth="2" \n
Action.c(68):                 noresize="noresize" scrolling="auto"/>\n
Action.c(68):        </frameset>\n
Action.c(68):     </html>\n
Action.c(68):     \n
Action.c(68):     </body>\n
Action.c(68):     </html>
Action.c(68): Detected non-resource "http://localhost:1080/cgi-bin/nav.pl?in=home" in "http://localhost:1080/cgi-bin/welcome.pl?signOff=1"  	[MsgId: MMSG-26574]
Action.c(68): Detected non-resource "http://localhost:1080/WebTours/home.html" in "http://localhost:1080/cgi-bin/welcome.pl?signOff=1"  	[MsgId: MMSG-26574]
Action.c(68): Retrieving data from cache for "http://localhost:1080/WebTours/home.html"  	[MsgId: MMSG-26558]
Action.c(68): t=425456ms: 1361-byte response body retrieved from cache for "http://localhost:1080/WebTours/home.html" (RelFrameId=1.2, Internal ID=150)
Action.c(68):     <HTML>\n
Action.c(68):     <HEAD>\n
Action.c(68):     \t<title>Web Tours</title>\n
Action.c(68):     </HEAD>\n
Action.c(68):     <style>\n
Action.c(68):     \tblockquote {font-family: tahoma; font-size : 10pt}\n
Action.c(68):     \tH1 {font-family: tahoma; font-size : 22pt; color: #003366}\n
Action.c(68):     \tsmall {font-family: tahoma; font-size : 8pt}\n
Action.c(68):     \tH3{font-family: tahoma; font-size : 10pt; color: black}\n
Action.c(68):     \tA {FONT-WEIGHT: bold; FONT-SIZE: 10pt; COLOR: black; FONT-FAMILY: Tahoma; TEXT-DECORATIO
Action.c(68):     N: none}\n
Action.c(68):     \tA:hover{ FONT-WEIGHT: bold; FONT-SIZE: 10pt; COLOR: #993333; FONT-FAMILY: Tahoma;TEXT-DE
Action.c(68):     CORATION: underline}\n
Action.c(68):     \tTD {font-family: tahoma; font-size : 10pt; color: black}\n
Action.c(68):     </style>\n
Action.c(68):     <body bgcolor="#e0e7f1">\n
Action.c(68):     <BR/>\n
Action.c(68):     <BR/>\n
Action.c(68):     <BR/>\n
Action.c(68):     <br/>\n
Action.c(68):     <table border="0">\n
Action.c(68):     <tr><td></td></tr>\n
Action.c(68):     <TR><TD></TD></TR>\n
Action.c(68):     <TR><TD>\n
Action.c(68):     <blockquote>\n
Action.c(68):     <H1><b>Web Tours</b></H1>\n
Action.c(68):     Welcome to the Web Tours site.\n
Action.c(68):     <br/>\n
Action.c(68):     To make reservations,please enter your account information to the left.\n
Action.c(68):     <br/>\n
Action.c(68):     If you haven't registered yet, <A href="/cgi-bin/login.pl?username=&amp;password=&amp;getI
Action.c(68):     nfo=true" ><B>sign up now</B></A> to get access to all our resources.\n
Action.c(68):     <br/>\n
Action.c(68):     To configure the server options, use <A href="/cgi-bin/admin.pl" target="body" ><b>adminis
Action.c(68):     tration</b></A> link.\n
Action.c(68):     <br/><br/><br/><br/><br/><br/>\n
Action.c(68):     <br/><small>\n
Action.c(68):     This product uses parts of the SMT Kernel, Copyright (c) 1991-99 <A href="http://www.imati
Action.c(68):     x.com" target="new"><B><small>iMatix Corporation</small></B></A> \n
Action.c(68):     </small>\n
Action.c(68):     </blockquote></TD>\n
Action.c(68):     <TD></TD></TR>\n
Action.c(68):     </table>\n
Action.c(68):     </body>\n
Action.c(68):     </HTML>\n
Action.c(68): t=425457ms: 5-byte chunked response overhead for "http://localhost:1080/cgi-bin/welcome.pl?signOff=1" (RelFrameId=1, Internal ID=148)
Action.c(68):     0\r\n
Action.c(68):     \r\n
Action.c(68): t=425457ms: Request done "http://localhost:1080/cgi-bin/welcome.pl?signOff=1"  	[MsgId: MMSG-26000]
Action.c(68): t=425457ms: Connecting [1] to host 127.0.0.1:1080  	[MsgId: MMSG-26000]
Action.c(68): t=425457ms: Connected socket [1] from 127.0.0.1:31756 to 127.0.0.1:1080 in 0 ms  	[MsgId: MMSG-26000]
Action.c(68): t=425457ms: 383-byte request headers for "http://localhost:1080/cgi-bin/nav.pl?in=home" (RelFrameId=1.1, Internal ID=149)
Action.c(68):     GET /cgi-bin/nav.pl?in=home HTTP/1.1\r\n
Action.c(68):     Referer: http://localhost:1080/cgi-bin/welcome.pl?signOff=1\r\n
Action.c(68):     Priority: u=4\r\n
Action.c(68):     User-Agent: Mozilla/5.0 (Windows NT 10.0; Win64; x64; rv:130.0) Gecko/20100101 Firefox/130
Action.c(68):     .0\r\n
Action.c(68):     Accept-Encoding: gzip, deflate\r\n
Action.c(68):     Accept-Language: ru-RU,ru;q=0.8,en-US;q=0.5,en;q=0.3\r\n
Action.c(68):     Accept: */*\r\n
Action.c(68):     Connection: Keep-Alive\r\n
Action.c(68):     Host: localhost:1080\r\n
Action.c(68):     Cookie: MSO=SID&1729090725\r\n
Action.c(68):     \r\n
Action.c(68): t=425481ms: 256-byte response headers for "http://localhost:1080/cgi-bin/nav.pl?in=home" (RelFrameId=1.1, Internal ID=149)
Action.c(68):     HTTP/1.1 200 OK\r\n
Action.c(68):     Date: Wed, 16 Oct 2024 14:58:45 GMT\r\n
Action.c(68):     Server: Apache/2.2.21 (Win32)\r\n
Action.c(68):     Expires: Tue, 15 Oct 2024 14:58:45 GMT\r\n
Action.c(68):     Keep-Alive: timeout=5, max=100\r\n
Action.c(68):     Connection: Keep-Alive\r\n
Action.c(68):     Transfer-Encoding: chunked\r\n
Action.c(68):     Content-Type: text/html; charset=ISO-8859-1\r\n
Action.c(68):     \r\n
Action.c(68): t=425482ms: 5-byte chunked response overhead for "http://localhost:1080/cgi-bin/nav.pl?in=home" (RelFrameId=1.1, Internal ID=149)
Action.c(68):     5ce\r\n
Action.c(68): t=425482ms: 2-byte chunked response overhead for "http://localhost:1080/cgi-bin/nav.pl?in=home" (RelFrameId=1.1, Internal ID=149)
Action.c(68):     \r\n
Action.c(68): t=425482ms: 1486-byte chunked response body for "http://localhost:1080/cgi-bin/nav.pl?in=home" (RelFrameId=1.1, Internal ID=149)
Action.c(68):     <!DOCTYPE html\n
Action.c(68):     \tPUBLIC "-//W3C//DTD XHTML 1.0 Transitional//EN"\n
Action.c(68):     \t "http://www.w3.org/TR/xhtml1/DTD/xhtml1-transitional.dtd">\n
Action.c(68):     <html xmlns="http://www.w3.org/1999/xhtml" lang="en-US" xml:lang="en-US">\n
Action.c(68):     <head>\n
Action.c(68):     <title>Web Tours Navigation Bar</title>\n
Action.c(68):     <meta http-equiv="Content-Type" content="text/html; charset=iso-8859-1" />\n
Action.c(68):     </head>\n
Action.c(68):     <body bgcolor="#E0E7F1">\n
Action.c(68):     <style>\n
Action.c(68):     blockquote {font-family: tahoma; font-size : 10pt}\n
Action.c(68):     H1 {font-family: tahoma; font-size : 22pt; color: #993333}\n
Action.c(68):     H3 {font-family: tahoma; font-size : 10pt; color: black}\n
Action.c(68):     small {font-family: tahoma; font-size : 8pt}\n
Action.c(68):     </style>\n
Action.c(68):     <form method="post" action="/cgi-bin/login.pl" target="body">\n
Action.c(68):     <input type="hidden" name="userSession" value="140064.052247874HcAtfttpziHftDccHpcziVcf"/>
Action.c(68):     \n
Action.c(68):     <table border="0"><tr><td>&nbsp;</td>\n
Action.c(68):     <td>&nbsp;</td></tr>\n
Action.c(68):     <tr><td>&nbsp;</td>\n
Action.c(68):     <td>&nbsp;</td></tr>\n
Action.c(68):     <tr><td>&nbsp;</td>\n
Action.c(68):     <td><small>&nbsp;Username</small></td></tr>\n
Action.c(68):     <tr><td>&nbsp;</td>\n
Action.c(68):     <td><input type="text" name="username" value="" size="14" maxlength="14"/></td></tr>\n
Action.c(68):     <tr><td>&nbsp;</td>\n
Action.c(68):     <td><small>&nbsp;Password</small></td>\n
Action.c(68):     <tr><td>&nbsp;</td>\n
Action.c(68):     <td><input type="password" name="password" value="" size="14" maxlength="14"/></td></tr>\n
Action.c(68):     <tr><td>&nbsp;</td>\n
Action.c(68):     <td>&nbsp;</td></tr>\n
Action.c(68):     <tr><td>&nbsp;</td>\n
Action.c(68):     <td><input type="image" name="login" value="Login" alt="Login" border="1" \n
Action.c(68):     src="/WebTours/images/mer_login.gif"/></td></tr>\n
Action.c(68):     <tr><td>&nbsp;</td><td>&nbsp;</td></tr>\n
Action.c(68):     </table><input type="hidden" name="JSFormSubmit" value="off"/>\n
Action.c(68):     </form>\n
Action.c(68):     \n
Action.c(68):     </body>\n
Action.c(68):     </html>\n
Action.c(68): Resource "http://localhost:1080/WebTours/images/mer_login.gif" is in the cache already and will not be downloaded again  	[MsgId: MMSG-26655]
Action.c(68): t=425483ms: 5-byte chunked response overhead for "http://localhost:1080/cgi-bin/nav.pl?in=home" (RelFrameId=1.1, Internal ID=149)
Action.c(68):     0\r\n
Action.c(68):     \r\n
Action.c(68): t=425483ms: Request done "http://localhost:1080/cgi-bin/nav.pl?in=home"  	[MsgId: MMSG-26000]
Action.c(68): Registered web_reg_find successful for "Text=Welcome to the Web Tours site." (count=1)  	[MsgId: MMSG-26364]
Action.c(68): web_image("SignOff Button") was successful, 2172 body bytes, 584 header bytes, 24 chunking overhead bytes  	[MsgId: MMSG-26385]
Action.c(73): Notify: Transaction "logout" ended with a "Pass" status (Duration: 0,0527 Wasted Time: 0,0000).	[MsgId: MMSG-16871]
Action.c(74): Notify: Transaction "UC4_View_Bills" ended with a "Pass" status (Duration: 15,2961 Think Time: 15,0012 Wasted Time: 0,0001).	[MsgId: MMSG-16870]
Ending action Action.	[MsgId: MMSG-15918]
Action was aborted.	[MsgId: MMSG-10694]
Ending Vuser...	[MsgId: MMSG-15966]
Starting action vuser_end.	[MsgId: MMSG-15919]
Ending action vuser_end.	[MsgId: MMSG-15918]
Vuser Terminated.	[MsgId: MMSG-15963]
t=425483ms: Closed connection [0] to localhost:1080 after completing 1 request(s)  	[MsgId: MMSG-26000]
t=425483ms: Closed connection [1] to localhost:1080 after completing 1 request(s)  	[MsgId: MMSG-26000]
HTML-Mode memory management statistics: Reusable=14, NonReusable=0, CsMemBlockSize=4096, checks disabled  	[MsgId: MMSG-26000]
Vuser 1 (thread 13056), ended OK."	[MsgId: MMSG-10695]
Action was aborted.	[MsgId: MMSG-10694]
Ending Vuser...	[MsgId: MMSG-15966]
Starting action vuser_end.	[MsgId: MMSG-15919]
Ending action vuser_end.	[MsgId: MMSG-15918]
Vuser Terminated.	[MsgId: MMSG-15963]
t=440513ms: Closed connection [0] to localhost:1080 after completing 1 request(s)  	[MsgId: MMSG-26000]
t=440513ms: Closed connection [1] to localhost:1080 after completing 1 request(s)  	[MsgId: MMSG-26000]
HTML-Mode memory management statistics: Reusable=14, NonReusable=0, CsMemBlockSize=4096, checks disabled  	[MsgId: MMSG-26000]
Vuser 0 (thread 20776), ended OK."	[MsgId: MMSG-10695]
