Action.c(52):     ">\n
Action.c(52):     <center>\n
Action.c(52):     <TABLE BORDER="0" WIDTH="85%" CELLSPACING="0">\n
Action.c(52):     <TR bgcolor="#5E7884">\n
Action.c(52):       <TD colspan="4" align="center"><font color="white"><B>Kate Miller\n
Action.c(52):      's Flight Transaction Summary</B></color></TD></TR>\n
Action.c(52):     \n
Action.c(52):     <!-- Flight #1 -->\n
Action.c(52):     <TR bgcolor="#EFF2F7">\n
Action.c(52):       <TD width="5%" rowspan="2" align="left" valign="top">\n
Action.c(52):     <b>\n
Action.c(52):     <label><input type="checkbox" name="1" value="on" /></label></font></b>\n
Action.c(52):     <input type="hidden" name="flightID" value="349073059-816-KM"  />\n
Action.c(52):       </TD>\n
Action.c(52):       <TD width="45%" valign="top">\n
Action.c(52):           <b>&nbsp;&nbsp;A Business class ticket for :</b><br/>\n
Action.c(52):           <center><table border="0" width="85%"><tr><td>\n
Action.c(52):           <li><i>Kate Miller\n
Action.c(52):           <li><i></i>\n
Action.c(52):           </td></tr></table></center>\n
Action.c(52):       </TD>\n
Action.c(52):       <TD width="5%" >.<br/>.<br/>.<br/>.</TD>\n
Action.c(52):       <TD width="45%" valign=top><b>Invoice sent to:</b><br/>\n
Action.c(52):           <center>\n
Action.c(52):           <Table width="80%" cellspacing="0" > <tr> <td>\n
Action.c(52):               Kate Miller\n
Action.c(52):     <br/>\n
Action.c(52):               987 Pine Dr<br/>\n
Action.c(52):               Philadelphia<br/>\n
Action.c(52):               <br/>\n
Action.c(52):               Total Charge: $ 613 <BR/> (CC: x-9424)\n
Action.c(52):           </td> </tr> </table>\n
Action.c(52):           </center>\n
Action.c(52):       </TD>\n
Action.c(52):     </TR>\n
Action.c(52):     <TR bgcolor="#EFF2F7">\n
Action.c(52):       <TD COLSPAN="3">\n
Action.c(52):       <b>Flight Details:</b><BR/>  <center>\n
Action.c(52):       10/16/2024\n
Action.c(52):      :  5pm : Flight 972 leaves Zurich  for Seattle.<br>  </center>\n
Action.c(52):       </TD>\n
Action.c(52):     </TR>\n
Action.c(52):     \n
Action.c(52):     <TR bgcolor="#EFF2F7">\n
Action.c(52):       <TD COLSPAN="4">\n
Action.c(52):       <hr/>\n
Action.c(52):       </TD>\n
Action.c(52):     </TR>\n
Action.c(52):     \n
Action.c(52):     <!-- Flight #1 -->\n
Action.c(52):     <TR bgcolor="#EFF2F7">\n
Action.c(52):       <TD width="5%" rowspan="2" align="left" valign="top">\n
Action.c(52):     <b>\n
Action.c(52):     <label><input type="checkbox" name="2" value="on" /></label></font></b>\n
Action.c(52):     <input type="hidden" name="flightID" value="349045929-1546-KM"  />\n
Action.c(52):       </TD>\n
Action.c(52):       <TD width="45%" valign="top">\n
Action.c(52):           <b>&nbsp;&nbsp;A Coach class ticket for :</b><br/>\n
Action.c(52):           <center><table border="0" width="85%"><tr><td>\n
Action.c(52):           <li><i>Kate Miller\n
Action.c(52):           <li><i></i>\n
Action.c(52):           </td></tr></table></center>\n
Action.c(52):       </TD>\n
Action.c(52):       <TD width="5%" >.<br/>.<br/>.<br/>.</TD>\n
Action.c(52):       <TD width="45%" valign=top><b>Invoice sent to:</b><br/>\n
Action.c(52):           <center>\n
Action.c(52):           <Table width="80%" cellspacing="0" > <tr> <td>\n
Action.c(52):               Kate Miller\n
Action.c(52):     <br/>\n
Action.c(52):               987 Pine Dr<br/>\n
Action.c(52):               Philadelphia<br/>\n
Action.c(52):               <br/>\n
Action.c(52):               Total Charge: $ 108 <BR/> (CC: x-9424)\n
Action.c(52):           </td> </tr> </table>\n
Action.c(52):           </center>\n
Action.c(52):       </TD>\n
Action.c(52):     </TR>\n
Action.c(52):     <TR bgcolor="#EFF2F7">\n
Action.c(52):       <TD COLSPAN="3">\n
Action.c(52):       <b>Flight Details:</b><BR/>  <center>\n
Action.c(52):       10/16/2024\n
Action.c(52):      :  8am : Flight 240 leaves London  for Paris.<br>  </center>\n
Action.c(52):       </TD>\n
Action.c(52):     </TR>\n
Action.c(52):     \n
Action.c(52):     <TR bgcolor="#EFF2F7">\n
Action.c(52):       <TD COLSPAN="4">\n
Action.c(52):       <hr/>\n
Action.c(52):       </TD>\n
Action.c(52):     </TR>\n
Action.c(52):     \n
Action.c(52):     <!-- Flight #1 -->\n
Action.c(52):     <TR bgcolor="#EFF2F7">\n
Action.c(52):       <TD width="5%" rowspan="2" align="left" valign="top">\n
Action.c(52):     <b>\n
Action.c(52):     <label><input type="checkbox" name="3" value="on" /></label></font></b>\n
Action.c(52):     <input type="hidden" name="flightID" value="349051509-2365-KM"  />\n
Action.c(52):       </TD>\n
Action.c(52):       <TD width="45%" valign="top">\n
Action.c(52):           <b>&nbsp;&nbsp;A First class ticket for :</b><br/>\n
Action.c(52):           <center><table border="0" width="85%"><tr><td>\n
Action.c(52):           <li><i>Kate Miller\n
Action.c(52):           <li><i></i>\n
Action.c(52):           </td></tr></table></center>\n
Action.c(52):       </TD>\n
Action.c(52):       <TD width="5%" >.<br/>.<br/>.<br/>.</TD>\n
Action.c(52):       <TD width="45%" valign=top><b>Invoice sent to:</b><br/>\n
Action.c(52):           <center>\n
Action.c(52):           <Table width="80%" cellspacing="0" > <tr> <td>\n
Action.c(52):               Kate Miller\n
Action.c(52):     <br/>\n
Action.c(52):               987 Pine Dr<br/>\n
Action.c(52):               Philadelphia<br/>\n
Action.c(52):               <br/>\n
Action.c(52):               Total Charge: $ 752 <BR/> (CC: x-9424)\n
Action.c(52):           </td> </tr> </table>\n
Action.c(52):           </center>\n
Action.c(52):       </TD>\n
Action.c(52):     </TR>\n
Action.c(52):     <TR bgcolor="#EFF2F7">\n
Action.c(52):       <TD COLSPAN="3">\n
Action.c(52):       <b>Flight Details:</b><BR/>  <center>\n
Action.c(52):       10/16/2024\n
Action.c(52):      :  8am : Flight 390 leaves Los Angeles  for Zurich.<br>  </center>\n
Action.c(52):       </TD>\n
Action.c(52):     </TR>\n
Action.c(52):     \n
Action.c(52):     <TR bgcolor="#EFF2F7">\n
Action.c(52):       <TD COLSPAN="4">\n
Action.c(52):       <hr/>\n
Action.c(52):       </TD>\n
Action.c(52):     </TR>\n
Action.c(52):     \n
Action.c(52):     <!-- Flight #1 -->\n
Action.c(52):     <TR bgcolor="#EFF2F7">\n
Action.c(52):       <TD width="5%" rowspan="2" align="left" valign="top">\n
Action.c(52):     <b>\n
Action.c(52):     <label><input type="checkbox" name="4" value="on" /></label></font></b>\n
Action.c(52):     <input type="hidden" name="flightID" value="3490474533-30954-KM"  />\n
Action.c(52):       </TD>\n
Action.c(52):       <TD width="45%" valign="top">\n
Action.c(52):           <b>&nbsp;&nbsp;A First class ticket for :</b><br/>\n
Action.c(52):           <center><table border="0" width="85%"><tr><td>\n
Action.c(52):           <li><i>Kate Miller\n
Action.c(52):           <li><i></i>\n
Action.c(52):           </td></tr></table></center>\n
Action.c(52):       </TD>\n
Action.c(52):       <TD width="5%" >.<br/>.<br/>.<br/>.</TD>\n
Action.c(52):       <TD width="45%" valign=top><b>Invoice sent to:</b><br/>\n
Action.c(52):           <center>\n
Action.c(52):           <Table width="80%" cellspacing="0" > <tr> <td>\n
Action.c(52):               Kate Miller\n
Action.c(52):     <br/>\n
Action.c(52):               987 Pine Dr<br/>\n
Action.c(52):               Philadelphia<br/>\n
Action.c(52):               <br/>\n
Action.c(52):               Total Charge: $ 2407 <BR/> (CC: x-9424)\n
Action.c(52):           </td> </tr> </table>\n
Action.c(52):           </center>\n
Action.c(52):       </TD>\n
Action.c(52):     </TR>\n
Action.c(52):     <TR bgcolor="#EFF2F7">\n
Action.c(52):       <TD COLSPAN="3">\n
Action.c(52):       <b>Flight Details:</b><BR/>  <center>\n
Action.c(52):       10/16/2024\n
Action.c(52):      :  1pm : Flight 281 leaves London  for Sydney.<br>  </center>\n
Action.c(52):       </TD>\n
Action.c(52):     </TR>\n
Action.c(52):     \n
Action.c(52):     <TR bgcolor="#EFF2F7">\n
Action.c(52):       <TD COLSPAN="4">\n
Action.c(52):       <hr/>\n
Action.c(52):       </TD>\n
Action.c(52):     </TR>\n
Action.c(52):     \n
Action.c(52):     <!-- Flight #1 -->\n
Action.c(52):     <TR bgcolor="#EFF2F7">\n
Action.c(52):       <TD width="5%" rowspan="2" align="left" valign="top">\n
Action.c(52):     <b>\n
Action.c(52):     <label><input type="checkbox" name="5" value="on" /></label></font></b>\n
Action.c(52):     <input type="hidden" name="flightID" value="349053726-3893-KM"  />\n
Action.c(52):       </TD>\n
Action.c(52):       <TD width="45%" valign="top">\n
Action.c(52):           <b>&nbsp;&nbsp;A Coach class ticket for :</b><br/>\n
Action.c(52):           <center><table border="0" width="85%"><tr><td>\n
Action.c(52):           <li><i>Kate Miller\n
Action.c(52):           <li><i></i>\n
Action.c(52):           </td></tr></table></center>\n
Action.c(52):       </TD>\n
Action.c(52):       <TD width="5%" >.<br/>.<br/>.<br/>.</TD>\n
Action.c(52):       <TD width="45%" valign=top><b>Invoice sent to:</b><br/>\n
Action.c(52):           <center>\n
Action.c(52):           <Table width="80%" cellspacing="0" > <tr> <td>\n
Action.c(52):               Kate Miller\n
Action.c(52):     <br/>\n
Action.c(52):               987 Pine Dr<br/>\n
Action.c(52):               Philadelphia<br/>\n
Action.c(52):               <br/>\n
Action.c(52):               Total Charge: $ 621 <BR/> (CC: x-9424)\n
Action.c(52):           </td> </tr> </table>\n
Action.c(52):           </center>\n
Action.c(52):       </TD>\n
Action.c(52):     </TR>\n
Action.c(52):     <TR bgcolor="#EFF2F7">\n
Action.c(52):       <TD COLSPAN="3">\n
Action.c(52):       <b>Flight Details:</b><BR/>  <center>\n
Action.c(52):       10/16/2024\n
Action.c(52):      :  8am : Flight 450 leaves Paris  for Portland.<br>  </center>\n
Action.c(52):       </TD>\n
Action.c(52):     </TR>\n
Action.c(52):     \n
Action.c(52):     <TR bgcolor="#EFF2F7">\n
Action.c(52):       <TD COLSPAN="4">\n
Action.c(52):       <hr/>\n
Action.c(52):       </TD>\n
Action.c(52):     </TR>\n
Action.c(52):     \n
Action.c(52):     <!-- Flight #1 -->\n
Action.c(52):     <TR bgcolor="#EFF2F7">\n
Action.c(52):       <TD width="5%" rowspan="2" align="left" valign="top">\n
Action.c(52):     <b>\n
Action.c(52):     <label><input type="checkbox" name="6" value="on" /></label></font></b>\n
Action.c(52):     <input type="hidden" name="flightID" value="349070787-4635-KM"  />\n
Action.c(52):       </TD>\n
Action.c(52):       <TD width="45%" valign="top">\n
Action.c(52):           <b>&nbsp;&nbsp;A Business class ticket for :</b><br/>\n
Action.c(52):           <center><table border="0" width="85%"><tr><td>\n
Action.c(52):           <li><i>Kate Miller\n
Action.c(52):           <li><i></i>\n
Action.c(52):           </td></tr></table></center>\n
Action.c(52):       </TD>\n
Action.c(52):       <TD width="5%" >.<br/>.<br/>.<br/>.</TD>\n
Action.c(52):       <TD width="45%" valign=top><b>Invoice sent to:</b><br/>\n
Action.c(52):           <center>\n
Action.c(52):           <Table width="80%" cellspacing="0" > <tr> <td>\n
Action.c(52):               Kate Miller\n
Action.c(52):     <br/>\n
Action.c(52):               987 Pine Dr<br/>\n
Action.c(52):               Philadelphia<br/>\n
Action.c(52):               <br/>\n
Action.c(52):               Total Charge: $ 255 <BR/> (CC: x-9424)\n
Action.c(52):           </td> </tr> </table>\n
Action.c(52):           </center>\n
Action.c(52):       </TD>\n
Action.c(52):     </TR>\n
Action.c(52):     <TR bgcolor="#EFF2F7">\n
Action.c(52):       <TD COLSPAN="3">\n
Action.c(52):       <b>Flight Details:</b><BR/>  <center>\n
Action.c(52):       10/16/2024\n
Action.c(52):      :  1pm : Flight 911 leaves Zurich  for Frankfurt.<br>  </center>\n
Action.c(52):       </TD>\n
Action.c(52):     </TR>\n
Action.c(52):     \n
Action.c(52):     <TR bgcolor="#EFF2F7">\n
Action.c(52):       <TD COLSPAN="4">\n
Action.c(52):       <hr/>\n
Action.c(52):       </TD>\n
Action.c(52):     </TR>\n
Action.c(52):     \n
Action.c(52):     <!-- Flight #1 -->\n
Action.c(52):     <TR bgcolor="#EFF2F7">\n
Action.c(52):       <TD width="5%" rowspan="2" align="left" valign="top">\n
Action.c(52):     <b>\n
Action.c(52):     <label><input type="checkbox" name="7" value="on" /></label></font></b>\n
Action.c(52):     <input type="hidden" name="flightID" value="349060056-5424-KM"  />\n
Action.c(52):       </TD>\n
Action.c(52):       <TD width="45%" valign="top">\n
Action.c(52):           <b>&nbsp;&nbsp;A Coach class ticket for :</b><br/>\n
Action.c(52):           <center><table border="0" width="85%"><tr><td>\n
Action.c(52):           <li><i>Kate Miller\n
Action.c(52):           <li><i></i>\n
Action.c(52):           </td></tr></table></center>\n
Action.c(52):       </TD>\n
Action.c(52):       <TD width="5%" >.<br/>.<br/>.<br/>.</TD>\n
Action.c(52):       <TD width="45%" valign=top><b>Invoice sent to:</b><br/>\n
Action.c(52):           <center>\n
Action.c(52):           <Table width="80%" cellspacing="0" > <tr> <td>\n
Action.c(52):               Kate Miller\n
Action.c(52):     <br/>\n
Action.c(52):               987 Pine Dr<br/>\n
Action.c(52):               Philadelphia<br/>\n
Action.c(52):               <br/>\n
Action.c(52):               Total Charge: $ 522 <BR/> (CC: x-9424)\n
Action.c(52):           </td> </tr> </table>\n
Action.c(52):           </center>\n
Action.c(52):       </TD>\n
Action.c(52):     </TR>\n
Action.c(52):     <TR bgcolor="#EFF2F7">\n
Action.c(52):       <TD COLSPAN="3">\n
Action.c(52):       <b>Flight Details:</b><BR/>  <center>\n
Action.c(52):       10/17/2024\n
Action.c(52):      :  1pm : Flight 621 leaves San Francisco  for London.<br>  </center>\n
Action.c(52):       </TD>\n
Action.c(52):     </TR>\n
Action.c(52):     \n
Action.c(52):     <TR bgcolor="#EFF2F7">\n
Action.c(52):       <TD COLSPAN="4">\n
Action.c(52):       <hr/>\n
Action.c(52):       </TD>\n
Action.c(52):     </TR>\n
Action.c(52):     \n
Action.c(52):     <!-- Flight #1 -->\n
Action.c(52):     <TR bgcolor="#EFF2F7">\n
Action.c(52):       <TD width="5%" rowspan="2" align="left" valign="top">\n
Action.c(52):     <b>\n
Action.c(52):     <label><input type="checkbox" name="8" value="on" /></label></font></b>\n
Action.c(52):     <input type="hidden" name="flightID" value="349071893-6163-KM"  />\n
Action.c(52):       </TD>\n
Action.c(52):       <TD width="45%" valign="top">\n
Action.c(52):           <b>&nbsp;&nbsp;A Coach class ticket for :</b><br/>\n
Action.c(52):           <center><table border="0" width="85%"><tr><td>\n
Action.c(52):           <li><i>Kate Miller\n
Action.c(52):           <li><i></i>\n
Action.c(52):           </td></tr></table></center>\n
Action.c(52):       </TD>\n
Action.c(52):       <TD width="5%" >.<br/>.<br/>.<br/>.</TD>\n
Action.c(52):       <TD width="45%" valign=top><b>Invoice sent to:</b><br/>\n
Action.c(52):           <center>\n
Action.c(52):           <Table width="80%" cellspacing="0" > <tr> <td>\n
Action.c(52):               Kate Miller\n
Action.c(52):     <br/>\n
Action.c(52):               987 Pine Dr<br/>\n
Action.c(52):               Philadelphia<br/>\n
Action.c(52):               <br/>\n
Action.c(52):               Total Charge: $ 127 <BR/> (CC: x-9424)\n
Action.c(52):           </td> </tr> </table>\n
Action.c(52):           </center>\n
Action.c(52):       </TD>\n
Action.c(52):     </TR>\n
Action.c(52):     <TR bgcolor="#EFF2F7">\n
Action.c(52):       <TD COLSPAN="3">\n
Action.c(52):       <b>Flight Details:</b><BR/>  <center>\n
Action.c(52):       10/17/2024\n
Action.c(52):      :  1pm : Flight 941 leaves Zurich  for Paris.<br>  </center>\n
Action.c(52):       </TD>\n
Action.c(52):     </TR>\n
Action.c(52):     \n
Action.c(52):     <TR bgcolor="#EFF2F7">\n
Action.c(52):       <TD COLSPAN="4">\n
Action.c(52):       <hr/>\n
Action.c(52):       </TD>\n
Action.c(52):     </TR>\n
Action.c(52):     \n
Action.c(52):     <!-- Flight #1 -->\n
Action.c(52):     <TR bgcolor="#EFF2F7">\n
Action.c(52):       <TD width="5%" rowspan="2" align="left" valign="top">\n
Action.c(52):     <b>\n
Action.c(52):     <label><input type="checkbox" name="9" value="on" /></label></font></b>\n
Action.c(52):     <input type="hidden" name="flightID" value="349058993-6986-KM"  />\n
Action.c(52):       </TD>\n
Action.c(52):       <TD width="45%" valign="top">\n
Action.c(52):           <b>&nbsp;&nbsp;A First class ticket for :</b><br/>\n
Action.c(52):           <center><table border="0" width="85%"><tr><td>\n
Action.c(52):           <li><i>Kate Miller\n
Action.c(52):           <li><i></i>\n
Action.c(52):           </td></tr></table></center>\n
Action.c(52):       </TD>\n
Action.c(52):       <TD width="5%" >.<br/>.<br/>.<br/>.</TD>\n
Action.c(52):       <TD width="45%" valign=top><b>Invoice sent to:</b><br/>\n
Action.c(52):           <center>\n
Action.c(52):           <Table width="80%" cellspacing="0" > <tr> <td>\n
Action.c(52):               Kate Miller\n
Action.c(52):     <br/>\n
Action.c(52):               987 Pine Dr<br/>\n
Action.c(52):               Philadelphia<br/>\n
Action.c(52):               <br/>\n
Action.c(52):               Total Charge: $ 819 <BR/> (CC: x-9424)\n
Action.c(52):           </td> </tr> </table>\n
Action.c(52):           </center>\n
Action.c(52):       </TD>\n
Action.c(52):     </TR>\n
Action.c(52):     <TR bgcolor="#EFF2F7">\n
Action.c(52):       <TD COLSPAN="3">\n
Action.c(52):       <b>Flight Details:</b><BR/>  <center>\n
Action.c(52):       10/17/2024\n
Action.c(52):      :  5pm : Flight 592 leaves Portland  for Zurich.<br>  </center>\n
Action.c(52):       </TD>\n
Action.c(52):     </TR>\n
Action.c(52):     \n
Action.c(52):     <TR bgcolor="#EFF2F7">\n
Action.c(52):       <TD COLSPAN="4">\n
Action.c(52):       <hr/>\n
Action.c(52):       </TD>\n
Action.c(52):     </TR>\n
Action.c(52):     \n
Action.c(52):     <!-- Flight #1 -->\n
Action.c(52):     <TR bgcolor="#EFF2F7">\n
Action.c(52):       <TD width="5%" rowspan="2" align="left" valign="top">\n
Action.c(52):     <b>\n
Action.c(52):     <label><input type="checkbox" name="10" value="on" /></label></font></b>\n
Action.c(52):     <input type="hidden" name="flightID" value="3490586342-77018-KM"  />\n
Action.c(52):       </TD>\n
Action.c(52):       <TD width="45%" valign="top">\n
Action.c(52):           <b>&nbsp;&nbsp;A First class ticket for :</b><br/>\n
Action.c(52):           <center><table border="0" width="85%"><tr><td>\n
Action.c(52):           <li><i>Kate Miller\n
Action.c(52):           <li><i></i>\n
Action.c(52):           </td></tr></table></center>\n
Action.c(52):       </TD>\n
Action.c(52):       <TD width="5%" >.<br/>.<br/>.<br/>.</TD>\n
Action.c(52):       <TD width="45%" valign=top><b>Invoice sent to:</b><br/>\n
Action.c(52):           <center>\n
Action.c(52):           <Table width="80%" cellspacing="0" > <tr> <td>\n
Action.c(52):               Kate Miller\n
Action.c(52):     <br/>\n
Action.c(52):               987 Pine Dr<br/>\n
Action.c(52):               Philadelphia<br/>\n
Action.c(52):               <br/>\n
Action.c(52):               Total Charge: $ 1235 <BR/> (CC: x-9424)\n
Action.c(52):           </td> </tr> </table>\n
Action.c(52):           </center>\n
Action.c(52):       </TD>\n
Action.c(52):     </TR>\n
Action.c(52):     <TR bgcolor="#EFF2F7">\n
Action.c(52):       <TD COLSPAN="3">\n
Action.c(52):       <b>Flight Details:</b><BR/>  <center>\n
Action.c(52):       10/17/2024\n
Action.c(52):      :  11pm : Flight 583 leaves Portland  for Sydney.<br>  </center>\n
Action.c(52):       </TD>\n
Action.c(52):     </TR>\n
Action.c(52):     \n
Action.c(52):     <TR bgcolor="#EFF2F7">\n
Action.c(52):       <TD COLSPAN="4">\n
Action.c(52):       <hr/>\n
Action.c(52):       </TD>\n
Action.c(52):     </TR>\n
Action.c(52):     \n
Action.c(52):     <!-- Flight #1 -->\n
Action.c(52):     <TR bgcolor="#EFF2F7">\n
Action.c(52):       <TD width="5%" rowspan="2" align="left" valign="top">\n
Action.c(52):     <b>\n
Action.c(52): Notify: Saving Parameter "c_flightids_1 = 349073059-816-KM".	[MsgId: MMSG-13798]
Action.c(52): Notify: Saving Parameter "c_flightids_2 = 349045929-1546-KM".	[MsgId: MMSG-13798]
Action.c(52): Notify: Saving Parameter "c_flightids_3 = 349051509-2365-KM".	[MsgId: MMSG-13798]
Action.c(52): Notify: Saving Parameter "c_flightids_4 = 3490474533-30954-KM".	[MsgId: MMSG-13798]
Action.c(52): Notify: Saving Parameter "c_flightids_5 = 349053726-3893-KM".	[MsgId: MMSG-13798]
Action.c(52): Notify: Saving Parameter "c_flightids_6 = 349070787-4635-KM".	[MsgId: MMSG-13798]
Action.c(52): Notify: Saving Parameter "c_flightids_7 = 349060056-5424-KM".	[MsgId: MMSG-13798]
Action.c(52): Notify: Saving Parameter "c_flightids_8 = 349071893-6163-KM".	[MsgId: MMSG-13798]
Action.c(52): Notify: Saving Parameter "c_flightids_9 = 349058993-6986-KM".	[MsgId: MMSG-13798]
Action.c(52): Notify: Saving Parameter "c_flightids_10 = 3490586342-77018-KM".	[MsgId: MMSG-13798]
Action.c(52): t=1260566ms: 8-byte chunked response overhead for "http://localhost:1080/cgi-bin/itinerary.pl" (RelFrameId=1.2, Internal ID=668)
Action.c(52):     \r\n
Action.c(52):     1000\r\n
Action.c(52): t=1260566ms: 8-byte chunked response overhead for "http://localhost:1080/cgi-bin/itinerary.pl" (RelFrameId=1.2, Internal ID=668)
Action.c(52):     \r\n
Action.c(52):     1000\r\n
Action.c(52): t=1260566ms: 7-byte chunked response overhead for "http://localhost:1080/cgi-bin/itinerary.pl" (RelFrameId=1.2, Internal ID=668)
Action.c(52):     \r\n
Action.c(52):     6ec\r\n
Action.c(52): t=1260566ms: 7-byte chunked response overhead for "http://localhost:1080/cgi-bin/itinerary.pl" (RelFrameId=1.2, Internal ID=668)
Action.c(52):     \r\n
Action.c(52):     0\r\n
Action.c(52):     \r\n
Action.c(52): t=1260566ms: 10118-byte chunked response body for "http://localhost:1080/cgi-bin/itinerary.pl" (RelFrameId=1.2, Internal ID=668)
Action.c(52):     <label><input type="checkbox" name="11" value="on" /></label></font></b>\n
Action.c(52):     <input type="hidden" name="flightID" value="349053737-8530-KM"  />\n
Action.c(52):       </TD>\n
Action.c(52):       <TD width="45%" valign="top">\n
Action.c(52):           <b>&nbsp;&nbsp;A Business class ticket for :</b><br/>\n
Action.c(52):           <center><table border="0" width="85%"><tr><td>\n
Action.c(52):           <li><i>Kate Miller\n
Action.c(52):           <li><i></i>\n
Action.c(52):           </td></tr></table></center>\n
Action.c(52):       </TD>\n
Action.c(52):       <TD width="5%" >.<br/>.<br/>.<br/>.</TD>\n
Action.c(52):       <TD width="45%" valign=top><b>Invoice sent to:</b><br/>\n
Action.c(52):           <center>\n
Action.c(52):           <Table width="80%" cellspacing="0" > <tr> <td>\n
Action.c(52):               Kate Miller\n
Action.c(52):     <br/>\n
Action.c(52):               987 Pine Dr<br/>\n
Action.c(52):               Philadelphia<br/>\n
Action.c(52):               <br/>\n
Action.c(52):               Total Charge: $ 901 <BR/> (CC: x-9424)\n
Action.c(52):           </td> </tr> </table>\n
Action.c(52):           </center>\n
Action.c(52):       </TD>\n
Action.c(52):     </TR>\n
Action.c(52):     <TR bgcolor="#EFF2F7">\n
Action.c(52):       <TD COLSPAN="3">\n
Action.c(52):       <b>Flight Details:</b><BR/>  <center>\n
Action.c(52):       10/17/2024\n
Action.c(52):      :  8am : Flight 450 leaves Paris  for Portland.<br>  </center>\n
Action.c(52):       </TD>\n
Action.c(52):     </TR>\n
Action.c(52):     \n
Action.c(52):     <TR bgcolor="#EFF2F7">\n
Action.c(52):       <TD COLSPAN="4">\n
Action.c(52):       <hr/>\n
Action.c(52):       </TD>\n
Action.c(52):     </TR>\n
Action.c(52):     \n
Action.c(52):     <!-- Flight #1 -->\n
Action.c(52):     <TR bgcolor="#EFF2F7">\n
Action.c(52):       <TD width="5%" rowspan="2" align="left" valign="top">\n
Action.c(52):     <b>\n
Action.c(52):     <label><input type="checkbox" name="12" value="on" /></label></font></b>\n
Action.c(52):     <input type="hidden" name="flightID" value="349062612-9272-KM"  />\n
Action.c(52):       </TD>\n
Action.c(52):       <TD width="45%" valign="top">\n
Action.c(52):           <b>&nbsp;&nbsp;A Business class ticket for :</b><br/>\n
Action.c(52):           <center><table border="0" width="85%"><tr><td>\n
Action.c(52):           <li><i>Kate Miller\n
Action.c(52):           <li><i></i>\n
Action.c(52):           </td></tr></table></center>\n
Action.c(52):       </TD>\n
Action.c(52):       <TD width="5%" >.<br/>.<br/>.<br/>.</TD>\n
Action.c(52):       <TD width="45%" valign=top><b>Invoice sent to:</b><br/>\n
Action.c(52):           <center>\n
Action.c(52):           <Table width="80%" cellspacing="0" > <tr> <td>\n
Action.c(52):               Kate Miller\n
Action.c(52):     <br/>\n
Action.c(52):               987 Pine Dr<br/>\n
Action.c(52):               Philadelphia<br/>\n
Action.c(52):               <br/>\n
Action.c(52):               Total Charge: $ 545 <BR/> (CC: x-9424)\n
Action.c(52):           </td> </tr> </table>\n
Action.c(52):           </center>\n
Action.c(52):       </TD>\n
Action.c(52):     </TR>\n
Action.c(52):     <TR bgcolor="#EFF2F7">\n
Action.c(52):       <TD COLSPAN="3">\n
Action.c(52):       <b>Flight Details:</b><BR/>  <center>\n
Action.c(52):       10/17/2024\n
Action.c(52):      :  8am : Flight 690 leaves San Francisco  for Zurich.<br>  </center>\n
Action.c(52):       </TD>\n
Action.c(52):     </TR>\n
Action.c(52):     \n
Action.c(52):     <TR bgcolor="#EFF2F7">\n
Action.c(52):       <TD COLSPAN="4">\n
Action.c(52):       <hr/>\n
Action.c(52):       </TD>\n
Action.c(52):     </TR>\n
Action.c(52):     \n
Action.c(52):     <!-- Flight #1 -->\n
Action.c(52):     <TR bgcolor="#EFF2F7">\n
Action.c(52):       <TD width="5%" rowspan="2" align="left" valign="top">\n
Action.c(52):     <b>\n
Action.c(52):     <label><input type="checkbox" name="13" value="on" /></label></font></b>\n
Action.c(52):     <input type="hidden" name="flightID" value="349046438-10065-KM"  />\n
Action.c(52):       </TD>\n
Action.c(52):       <TD width="45%" valign="top">\n
Action.c(52):           <b>&nbsp;&nbsp;A First class ticket for :</b><br/>\n
Action.c(52):           <center><table border="0" width="85%"><tr><td>\n
Action.c(52):           <li><i>Kate Miller\n
Action.c(52):           <li><i></i>\n
Action.c(52):           </td></tr></table></center>\n
Action.c(52):       </TD>\n
Action.c(52):       <TD width="5%" >.<br/>.<br/>.<br/>.</TD>\n
Action.c(52):       <TD width="45%" valign=top><b>Invoice sent to:</b><br/>\n
Action.c(52):           <center>\n
Action.c(52):           <Table width="80%" cellspacing="0" > <tr> <td>\n
Action.c(52):               Kate Miller\n
Action.c(52):     <br/>\n
Action.c(52):               987 Pine Dr<br/>\n
Action.c(52):               Philadelphia<br/>\n
Action.c(52):               <br/>\n
Action.c(52):               Total Charge: $ 852 <BR/> (CC: x-9424)\n
Action.c(52):           </td> </tr> </table>\n
Action.c(52):           </center>\n
Action.c(52):       </TD>\n
Action.c(52):     </TR>\n
Action.c(52):     <TR bgcolor="#EFF2F7">\n
Action.c(52):       <TD COLSPAN="3">\n
Action.c(52):       <b>Flight Details:</b><BR/>  <center>\n
Action.c(52):       10/17/2024\n
Action.c(52):      :  11pm : Flight 253 leaves London  for Portland.<br>  </center>\n
Action.c(52):       </TD>\n
Action.c(52):     </TR>\n
Action.c(52):     \n
Action.c(52):     <TR bgcolor="#EFF2F7">\n
Action.c(52):       <TD COLSPAN="4">\n
Action.c(52):       <hr/>\n
Action.c(52):       </TD>\n
Action.c(52):     </TR>\n
Action.c(52):     \n
Action.c(52):     <!-- Flight #1 -->\n
Action.c(52):     <TR bgcolor="#EFF2F7">\n
Action.c(52):       <TD width="5%" rowspan="2" align="left" valign="top">\n
Action.c(52):     <b>\n
Action.c(52):     <label><input type="checkbox" name="14" value="on" /></label></font></b>\n
Action.c(52):     <input type="hidden" name="flightID" value="349058548-10831-KM"  />\n
Action.c(52):       </TD>\n
Action.c(52):       <TD width="45%" valign="top">\n
Action.c(52):           <b>&nbsp;&nbsp;A Coach class ticket for :</b><br/>\n
Action.c(52):           <center><table border="0" width="85%"><tr><td>\n
Action.c(52):           <li><i>Kate Miller\n
Action.c(52):           <li><i></i>\n
Action.c(52):           </td></tr></table></center>\n
Action.c(52):       </TD>\n
Action.c(52):       <TD width="5%" >.<br/>.<br/>.<br/>.</TD>\n
Action.c(52):       <TD width="45%" valign=top><b>Invoice sent to:</b><br/>\n
Action.c(52):           <center>\n
Action.c(52):           <Table width="80%" cellspacing="0" > <tr> <td>\n
Action.c(52):               Kate Miller\n
Action.c(52):     <br/>\n
Action.c(52):               987 Pine Dr<br/>\n
Action.c(52):               Philadelphia<br/>\n
Action.c(52):               <br/>\n
Action.c(52):               Total Charge: $ 805 <BR/> (CC: x-9424)\n
Action.c(52):           </td> </tr> </table>\n
Action.c(52):           </center>\n
Action.c(52):       </TD>\n
Action.c(52):     </TR>\n
Action.c(52):     <TR bgcolor="#EFF2F7">\n
Action.c(52):       <TD COLSPAN="3">\n
Action.c(52):       <b>Flight Details:</b><BR/>  <center>\n
Action.c(52):       10/17/2024\n
Action.c(52):      :  8am : Flight 580 leaves Portland  for Sydney.<br>  </center>\n
Action.c(52):       </TD>\n
Action.c(52):     </TR>\n
Action.c(52):     \n
Action.c(52):     <TR bgcolor="#EFF2F7">\n
Action.c(52):       <TD COLSPAN="4">\n
Action.c(52):       <hr/>\n
Action.c(52):       </TD>\n
Action.c(52):     </TR>\n
Action.c(52):     \n
Action.c(52):     <!-- Flight #1 -->\n
Action.c(52):     <TR bgcolor="#EFF2F7">\n
Action.c(52):       <TD width="5%" rowspan="2" align="left" valign="top">\n
Action.c(52):     <b>\n
Action.c(52):     <label><input type="checkbox" name="15" value="on" /></label></font></b>\n
Action.c(52):     <input type="hidden" name="flightID" value="3490490043-115475-KM"  />\n
Action.c(52):       </TD>\n
Action.c(52):       <TD width="45%" valign="top">\n
Action.c(52):           <b>&nbsp;&nbsp;A First class ticket for :</b><br/>\n
Action.c(52):           <center><table border="0" width="85%"><tr><td>\n
Action.c(52):           <li><i>Kate Miller\n
Action.c(52):           <li><i></i>\n
Action.c(52):           </td></tr></table></center>\n
Action.c(52):       </TD>\n
Action.c(52):       <TD width="5%" >.<br/>.<br/>.<br/>.</TD>\n
Action.c(52):       <TD width="45%" valign=top><b>Invoice sent to:</b><br/>\n
Action.c(52):           <center>\n
Action.c(52):           <Table width="80%" cellspacing="0" > <tr> <td>\n
Action.c(52):               Kate Miller\n
Action.c(52):     <br/>\n
Action.c(52):               987 Pine Dr<br/>\n
Action.c(52):               Philadelphia<br/>\n
Action.c(52):               <br/>\n
Action.c(52):               Total Charge: $ 1186 <BR/> (CC: x-9424)\n
Action.c(52):           </td> </tr> </table>\n
Action.c(52):           </center>\n
Action.c(52):       </TD>\n
Action.c(52):     </TR>\n
Action.c(52):     <TR bgcolor="#EFF2F7">\n
Action.c(52):       <TD COLSPAN="3">\n
Action.c(52):       <b>Flight Details:</b><BR/>  <center>\n
Action.c(52):       10/17/2024\n
Action.c(52):      :  11pm : Flight 323 leaves Los Angeles  for London.<br>  </center>\n
Action.c(52):       </TD>\n
Action.c(52):     </TR>\n
Action.c(52):     \n
Action.c(52):     <TR bgcolor="#EFF2F7">\n
Action.c(52):       <TD COLSPAN="4">\n
Action.c(52):       <hr/>\n
Action.c(52):       </TD>\n
Action.c(52):     </TR>\n
Action.c(52):     \n
Action.c(52):     <!-- Flight #1 -->\n
Action.c(52):     <TR bgcolor="#EFF2F7">\n
Action.c(52):       <TD width="5%" rowspan="2" align="left" valign="top">\n
Action.c(52):     <b>\n
Action.c(52):     <label><input type="checkbox" name="16" value="on" /></label></font></b>\n
Action.c(52):     <input type="hidden" name="flightID" value="349041869-12344-KM"  />\n
Action.c(52):       </TD>\n
Action.c(52):       <TD width="45%" valign="top">\n
Action.c(52):           <b>&nbsp;&nbsp;A Business class ticket for :</b><br/>\n
Action.c(52):           <center><table border="0" width="85%"><tr><td>\n
Action.c(52):           <li><i>Kate Miller\n
Action.c(52):           <li><i></i>\n
Action.c(52):           </td></tr></table></center>\n
Action.c(52):       </TD>\n
Action.c(52):       <TD width="5%" >.<br/>.<br/>.<br/>.</TD>\n
Action.c(52):       <TD width="45%" valign=top><b>Invoice sent to:</b><br/>\n
Action.c(52):           <center>\n
Action.c(52):           <Table width="80%" cellspacing="0" > <tr> <td>\n
Action.c(52):               Kate Miller\n
Action.c(52):     <br/>\n
Action.c(52):               987 Pine Dr<br/>\n
Action.c(52):               Philadelphia<br/>\n
Action.c(52):               <br/>\n
Action.c(52):               Total Charge: $ 472 <BR/> (CC: x-9424)\n
Action.c(52):           </td> </tr> </table>\n
Action.c(52):           </center>\n
Action.c(52):       </TD>\n
Action.c(52):     </TR>\n
Action.c(52):     <TR bgcolor="#EFF2F7">\n
Action.c(52):       <TD COLSPAN="3">\n
Action.c(52):       <b>Flight Details:</b><BR/>  <center>\n
Action.c(52):       10/17/2024\n
Action.c(52):      :  8am : Flight 130 leaves Frankfurt  for Los Angeles.<br>  </center>\n
Action.c(52):       </TD>\n
Action.c(52):     </TR>\n
Action.c(52):     \n
Action.c(52):     <TR bgcolor="#EFF2F7">\n
Action.c(52):       <TD COLSPAN="4">\n
Action.c(52):       <hr/>\n
Action.c(52):       </TD>\n
Action.c(52):     </TR>\n
Action.c(52):     \n
Action.c(52):     <!-- Flight #1 -->\n
Action.c(52):     <TR bgcolor="#EFF2F7">\n
Action.c(52):       <TD width="5%" rowspan="2" align="left" valign="top">\n
Action.c(52):     <b>\n
Action.c(52):     <label><input type="checkbox" name="17" value="on" /></label></font></b>\n
Action.c(52):     <input type="hidden" name="flightID" value="349059693-13132-KM"  />\n
Action.c(52):       </TD>\n
Action.c(52):       <TD width="45%" valign="top">\n
Action.c(52):           <b>&nbsp;&nbsp;A First class ticket for :</b><br/>\n
Action.c(52):           <center><table border="0" width="85%"><tr><td>\n
Action.c(52):           <li><i>Kate Miller\n
Action.c(52):           <li><i></i>\n
Action.c(52):           </td></tr></table></center>\n
Action.c(52):       </TD>\n
Action.c(52):       <TD width="5%" >.<br/>.<br/>.<br/>.</TD>\n
Action.c(52):       <TD width="45%" valign=top><b>Invoice sent to:</b><br/>\n
Action.c(52):           <center>\n
Action.c(52):           <Table width="80%" cellspacing="0" > <tr> <td>\n
Action.c(52):               Kate Miller\n
Action.c(52):     <br/>\n
Action.c(52):               987 Pine Dr<br/>\n
Action.c(52):               Philadelphia<br/>\n
Action.c(52):               <br/>\n
Action.c(52):               Total Charge: $ 720 <BR/> (CC: x-9424)\n
Action.c(52):           </td> </tr> </table>\n
Action.c(52):           </center>\n
Action.c(52):       </TD>\n
Action.c(52):     </TR>\n
Action.c(52):     <TR bgcolor="#EFF2F7">\n
Action.c(52):       <TD COLSPAN="3">\n
Action.c(52):       <b>Flight Details:</b><BR/>  <center>\n
Action.c(52):       10/17/2024\n
Action.c(52):      :  1pm : Flight 611 leaves San Francisco  for Frankfurt.<br>  </center>\n
Action.c(52):       </TD>\n
Action.c(52):     </TR>\n
Action.c(52):     \n
Action.c(52):     <TR bgcolor="#EFF2F7">\n
Action.c(52):       <TD COLSPAN="4">\n
Action.c(52):       <hr/>\n
Action.c(52):       </TD>\n
Action.c(52):     </TR>\n
Action.c(52):     \n
Action.c(52):     <!-- Flight #1 -->\n
Action.c(52):     <TR bgcolor="#EFF2F7">\n
Action.c(52):       <TD width="5%" rowspan="2" align="left" valign="top">\n
Action.c(52):     <b>\n
Action.c(52):     <label><input type="checkbox" name="18" value="on" /></label></font></b>\n
Action.c(52):     <input type="hidden" name="flightID" value="349044158-13867-KM"  />\n
Action.c(52):       </TD>\n
Action.c(52):       <TD width="45%" valign="top">\n
Action.c(52):           <b>&nbsp;&nbsp;A Business class ticket for :</b><br/>\n
Action.c(52):           <center><table border="0" width="85%"><tr><td>\n
Action.c(52):           <li><i>Kate Miller\n
Action.c(52):           <li><i></i>\n
Action.c(52):           </td></tr></table></center>\n
Action.c(52):       </TD>\n
Action.c(52):       <TD width="5%" >.<br/>.<br/>.<br/>.</TD>\n
Action.c(52):       <TD width="45%" valign=top><b>Invoice sent to:</b><br/>\n
Action.c(52):           <center>\n
Action.c(52):           <Table width="80%" cellspacing="0" > <tr> <td>\n
Action.c(52):               Kate Miller\n
Action.c(52):     <br/>\n
Action.c(52):               987 Pine Dr<br/>\n
Action.c(52):               Philadelphia<br/>\n
Action.c(52):               <br/>\n
Action.c(52):               Total Charge: $ 271 <BR/> (CC: x-9424)\n
Action.c(52):           </td> </tr> </table>\n
Action.c(52):           </center>\n
Action.c(52):       </TD>\n
Action.c(52):     </TR>\n
Action.c(52):     <TR bgcolor="#EFF2F7">\n
Action.c(52):       <TD COLSPAN="3">\n
Action.c(52):       <b>Flight Details:</b><BR/>  <center>\n
Action.c(52):       10/17/2024\n
Action.c(52):      :  5pm : Flight 192 leaves Frankfurt  for Zurich.<br>  </center>\n
Action.c(52):       </TD>\n
Action.c(52):     </TR>\n
Action.c(52):     \n
Action.c(52):     <TR bgcolor="#EFF2F7">\n
Action.c(52):       <TD COLSPAN="4">\n
Action.c(52):       <hr/>\n
Action.c(52):       </TD>\n
Action.c(52):     </TR>\n
Action.c(52):     <TR>\n
Action.c(52):        <TD align="center" COLSPAN="4">\n
Action.c(52):        <b>A total of 18 scheduled flights.</font></b>\n
Action.c(52):        </TD>\n
Action.c(52):     </TR>\n
Action.c(52):     </TABLE>\n
Action.c(52):     \n
Action.c(52):     <TABLE WIDTH="87%" BORDER="0" CELLSPACING="0">\n
Action.c(52):     <TR>\n
Action.c(52):     <TD align="left" width="50%" >\n
Action.c(52):     <input type="image" name="removeFlights" src="/WebTours/images/cancelreservation.gif" bord
Action.c(52):     er="0" /></TD>\n
Action.c(52):     <TD align="right" width="50%" >\n
Action.c(52):     <input type="image" name="removeAllFlights" src="/WebTours/images/cancelallreservations.gi
Action.c(52):     f" border="0" /></TD>\n
Action.c(52):     </TABLE>\n
Action.c(52):     \n
Action.c(52):     <div><input type="hidden" name=".cgifields" value="11"  /><input type="hidden" name=".cgif
Action.c(52):     ields" value="7"  /><input type="hidden" name=".cgifields" value="17"  /><input type="hidd
Action.c(52):     en" name=".cgifields" value="2"  /><input type="hidden" name=".cgifields" value="1"  /><in
Action.c(52):     put type="hidden" name=".cgifields" value="18"  /><input type="hidden" name=".cgifields" v
Action.c(52):     alue="16"  /><input type="hidden" name=".cgifields" value="13"  /><input type="hidden" nam
Action.c(52):     e=".cgifields" value="6"  /><input type="hidden" name=".cgifields" value="3"  /><input typ
Action.c(52):     e="hidden" name=".cgifields" value="9"  /><input type="hidden" name=".cgifields" value="12
Action.c(52):     "  /><input type="hidden" name=".cgifields" value="14"  /><input type="hidden" name=".cgif
Action.c(52):     ields" value="15"  /><input type="hidden" name=".cgifields" value="8"  /><input type="hidd
Action.c(52):     en" name=".cgifields" value="4"  /><input type="hidden" name=".cgifields" value="10"  /><i
Action.c(52):     nput type="hidden" name=".cgifields" value="5"  /></div></form>\n
Action.c(52):     \n
Action.c(52):     </center>\n
Action.c(52):     \n
Action.c(52):     </body>\n
Action.c(52):     </html>
Action.c(52): Notify: Saving Parameter "c_flightids_11 = 349053737-8530-KM".	[MsgId: MMSG-13798]
Action.c(52): Notify: Saving Parameter "c_flightids_12 = 349062612-9272-KM".	[MsgId: MMSG-13798]
Action.c(52): Notify: Saving Parameter "c_flightids_13 = 349046438-10065-KM".	[MsgId: MMSG-13798]
Action.c(52): Notify: Saving Parameter "c_flightids_14 = 349058548-10831-KM".	[MsgId: MMSG-13798]
Action.c(52): Notify: Saving Parameter "c_flightids_15 = 3490490043-115475-KM".	[MsgId: MMSG-13798]
Action.c(52): Notify: Saving Parameter "c_flightids_16 = 349041869-12344-KM".	[MsgId: MMSG-13798]
Action.c(52): Notify: Saving Parameter "c_flightids_17 = 349059693-13132-KM".	[MsgId: MMSG-13798]
Action.c(52): Notify: Saving Parameter "c_flightids_18 = 349044158-13867-KM".	[MsgId: MMSG-13798]
Action.c(52): Notify: Saving Parameter "c_cgifields_1 = 11".	[MsgId: MMSG-13798]
Action.c(52): Notify: Saving Parameter "c_cgifields_2 = 7".	[MsgId: MMSG-13798]
Action.c(52): Notify: Saving Parameter "c_cgifields_3 = 17".	[MsgId: MMSG-13798]
Action.c(52): Notify: Saving Parameter "c_cgifields_4 = 2".	[MsgId: MMSG-13798]
Action.c(52): Notify: Saving Parameter "c_cgifields_5 = 1".	[MsgId: MMSG-13798]
Action.c(52): Notify: Saving Parameter "c_cgifields_6 = 18".	[MsgId: MMSG-13798]
Action.c(52): Notify: Saving Parameter "c_cgifields_7 = 16".	[MsgId: MMSG-13798]
Action.c(52): Notify: Saving Parameter "c_cgifields_8 = 13".	[MsgId: MMSG-13798]
Action.c(52): Notify: Saving Parameter "c_cgifields_9 = 6".	[MsgId: MMSG-13798]
Action.c(52): Notify: Saving Parameter "c_cgifields_10 = 3".	[MsgId: MMSG-13798]
Action.c(52): Notify: Saving Parameter "c_cgifields_11 = 9".	[MsgId: MMSG-13798]
Action.c(52): Notify: Saving Parameter "c_cgifields_12 = 12".	[MsgId: MMSG-13798]
Action.c(52): Notify: Saving Parameter "c_cgifields_13 = 14".	[MsgId: MMSG-13798]
Action.c(52): Notify: Saving Parameter "c_cgifields_14 = 15".	[MsgId: MMSG-13798]
Action.c(52): Notify: Saving Parameter "c_cgifields_15 = 8".	[MsgId: MMSG-13798]
Action.c(52): Notify: Saving Parameter "c_cgifields_16 = 4".	[MsgId: MMSG-13798]
Action.c(52): Notify: Saving Parameter "c_cgifields_17 = 10".	[MsgId: MMSG-13798]
Action.c(52): Notify: Saving Parameter "c_cgifields_18 = 5".	[MsgId: MMSG-13798]
Action.c(52): Found resource "http://localhost:1080/WebTours/images/cancelreservation.gif" in HTML "http://localhost:1080/cgi-bin/itinerary.pl"  	[MsgId: MMSG-26659]
Action.c(52): Found resource "http://localhost:1080/WebTours/images/cancelallreservations.gif" in HTML "http://localhost:1080/cgi-bin/itinerary.pl"  	[MsgId: MMSG-26659]
Action.c(52): t=1260570ms: Request done "http://localhost:1080/cgi-bin/itinerary.pl"  	[MsgId: MMSG-26000]
Action.c(52): t=1260570ms: Connecting [2] to host 127.0.0.1:1080  	[MsgId: MMSG-26000]
Action.c(52): t=1260570ms: Connecting [3] to host 127.0.0.1:1080  	[MsgId: MMSG-26000]
Action.c(52): t=1260570ms: Connecting [4] to host 127.0.0.1:1080  	[MsgId: MMSG-26000]
Action.c(52): t=1260570ms: 5-byte chunked response overhead for "http://localhost:1080/cgi-bin/nav.pl?page=menu&in=itinerary" (RelFrameId=1.1, Internal ID=667)
Action.c(52):     0\r\n
Action.c(52):     \r\n
Action.c(52): t=1260570ms: Request done "http://localhost:1080/cgi-bin/nav.pl?page=menu&in=itinerary"  	[MsgId: MMSG-26000]
Action.c(52): t=1260571ms: Connected socket [2] from 127.0.0.1:5184 to 127.0.0.1:1080 in 1 ms  	[MsgId: MMSG-26000]
Action.c(52): t=1260571ms: 557-byte request headers for "http://localhost:1080/WebTours/images/home.gif" (RelFrameId=, Internal ID=670)
Action.c(52):     GET /WebTours/images/home.gif HTTP/1.1\r\n
Action.c(52):     Referer: http://localhost:1080/cgi-bin/nav.pl?page=menu&in=itinerary\r\n
Action.c(52):     Upgrade-Insecure-Requests: 1\r\n
Action.c(52):     Priority: u=4\r\n
Action.c(52):     User-Agent: Mozilla/5.0 (Windows NT 10.0; Win64; x64; rv:130.0) Gecko/20100101 Firefox/130
Action.c(52):     .0\r\n
Action.c(52):     Accept-Encoding: gzip, deflate\r\n
Action.c(52):     Accept-Language: ru-RU,ru;q=0.8,en-US;q=0.5,en;q=0.3\r\n
Action.c(52):     Accept: */*\r\n
Action.c(52):     Connection: Keep-Alive\r\n
Action.c(52):     Host: localhost:1080\r\n
Action.c(52):     Cookie: MSO=SID&1729029919; MTUserInfo=firstName&Kate&address2&Kate&username&user6&hash&11
Action.c(52):     8&lastName&Miller%0A&address1&987%20Pine%20Dr&creditCard&&expDate&%0A\r\n
Action.c(52):     \r\n
Action.c(52): t=1260571ms: Connected socket [3] from 127.0.0.1:5185 to 127.0.0.1:1080 in 1 ms  	[MsgId: MMSG-26000]
Action.c(52): t=1260571ms: 553-byte request headers for "http://localhost:1080/WebTours/images/cancelreservation.gif" (RelFrameId=, Internal ID=671)
Action.c(52):     GET /WebTours/images/cancelreservation.gif HTTP/1.1\r\n
Action.c(52):     Referer: http://localhost:1080/cgi-bin/itinerary.pl\r\n
Action.c(52):     Upgrade-Insecure-Requests: 1\r\n
Action.c(52):     Priority: u=4\r\n
Action.c(52):     User-Agent: Mozilla/5.0 (Windows NT 10.0; Win64; x64; rv:130.0) Gecko/20100101 Firefox/130
Action.c(52):     .0\r\n
Action.c(52):     Accept-Encoding: gzip, deflate\r\n
Action.c(52):     Accept-Language: ru-RU,ru;q=0.8,en-US;q=0.5,en;q=0.3\r\n
Action.c(52):     Accept: */*\r\n
Action.c(52):     Connection: Keep-Alive\r\n
Action.c(52):     Host: localhost:1080\r\n
Action.c(52):     Cookie: MSO=SID&1729029919; MTUserInfo=firstName&Kate&address2&Kate&username&user6&hash&11
Action.c(52):     8&lastName&Miller%0A&address1&987%20Pine%20Dr&creditCard&&expDate&%0A\r\n
Action.c(52):     \r\n
Action.c(52): t=1260571ms: Connected socket [4] from 127.0.0.1:5186 to 127.0.0.1:1080 in 1 ms  	[MsgId: MMSG-26000]
Action.c(52): t=1260571ms: 557-byte request headers for "http://localhost:1080/WebTours/images/cancelallreservations.gif" (RelFrameId=, Internal ID=672)
Action.c(52):     GET /WebTours/images/cancelallreservations.gif HTTP/1.1\r\n
Action.c(52):     Referer: http://localhost:1080/cgi-bin/itinerary.pl\r\n
Action.c(52):     Upgrade-Insecure-Requests: 1\r\n
Action.c(52):     Priority: u=4\r\n
Action.c(52):     User-Agent: Mozilla/5.0 (Windows NT 10.0; Win64; x64; rv:130.0) Gecko/20100101 Firefox/130
Action.c(52):     .0\r\n
Action.c(52):     Accept-Encoding: gzip, deflate\r\n
Action.c(52):     Accept-Language: ru-RU,ru;q=0.8,en-US;q=0.5,en;q=0.3\r\n
Action.c(52):     Accept: */*\r\n
Action.c(52):     Connection: Keep-Alive\r\n
Action.c(52):     Host: localhost:1080\r\n
Action.c(52):     Cookie: MSO=SID&1729029919; MTUserInfo=firstName&Kate&address2&Kate&username&user6&hash&11
Action.c(52):     8&lastName&Miller%0A&address1&987%20Pine%20Dr&creditCard&&expDate&%0A\r\n
Action.c(52):     \r\n
Action.c(52): t=1260571ms: 299-byte response headers for "http://localhost:1080/WebTours/images/home.gif" (RelFrameId=, Internal ID=670)
Action.c(52):     HTTP/1.1 200 OK\r\n
Action.c(52):     Date: Tue, 15 Oct 2024 22:05:29 GMT\r\n
Action.c(52):     Server: Apache/2.2.21 (Win32)\r\n
Action.c(52):     Last-Modified: Thu, 12 Jan 2012 13:30:28 GMT\r\n
Action.c(52):     ETag: "1c00000000bf17-2b0-4b654c0620500"\r\n
Action.c(52):     Accept-Ranges: bytes\r\n
Action.c(52):     Content-Length: 688\r\n
Action.c(52):     Keep-Alive: timeout=5, max=100\r\n
Action.c(52):     Connection: Keep-Alive\r\n
Action.c(52):     Content-Type: image/gif\r\n
Action.c(52):     \r\n
Action.c(52): t=1260572ms: 688-byte response body for "http://localhost:1080/WebTours/images/home.gif" (RelFrameId=, Internal ID=670)
Action.c(52): t=1260572ms: Request done "http://localhost:1080/WebTours/images/home.gif"  	[MsgId: MMSG-26000]
Action.c(52): t=1260572ms: 299-byte response headers for "http://localhost:1080/WebTours/images/cancelreservation.gif" (RelFrameId=, Internal ID=671)
Action.c(52):     HTTP/1.1 200 OK\r\n
Action.c(52):     Date: Tue, 15 Oct 2024 22:05:29 GMT\r\n
Action.c(52):     Server: Apache/2.2.21 (Win32)\r\n
Action.c(52):     Last-Modified: Thu, 12 Jan 2012 13:30:28 GMT\r\n
Action.c(52):     ETag: "3a00000000bedf-33f-4b654c0620500"\r\n
Action.c(52):     Accept-Ranges: bytes\r\n
Action.c(52):     Content-Length: 831\r\n
Action.c(52):     Keep-Alive: timeout=5, max=100\r\n
Action.c(52):     Connection: Keep-Alive\r\n
Action.c(52):     Content-Type: image/gif\r\n
Action.c(52):     \r\n
Action.c(52): t=1260572ms: 831-byte response body for "http://localhost:1080/WebTours/images/cancelreservation.gif" (RelFrameId=, Internal ID=671)
Action.c(52): t=1260572ms: Request done "http://localhost:1080/WebTours/images/cancelreservation.gif"  	[MsgId: MMSG-26000]
Action.c(52): t=1260572ms: 299-byte response headers for "http://localhost:1080/WebTours/images/cancelallreservations.gif" (RelFrameId=, Internal ID=672)
Action.c(52):     HTTP/1.1 200 OK\r\n
Action.c(52):     Date: Tue, 15 Oct 2024 22:05:29 GMT\r\n
Action.c(52):     Server: Apache/2.2.21 (Win32)\r\n
Action.c(52):     Last-Modified: Thu, 12 Jan 2012 13:30:28 GMT\r\n
Action.c(52):     ETag: "a000000000bed7-2e6-4b654c0620500"\r\n
Action.c(52):     Accept-Ranges: bytes\r\n
Action.c(52):     Content-Length: 742\r\n
Action.c(52):     Keep-Alive: timeout=5, max=100\r\n
Action.c(52):     Connection: Keep-Alive\r\n
Action.c(52):     Content-Type: image/gif\r\n
Action.c(52):     \r\n
Action.c(52): t=1260573ms: 742-byte response body for "http://localhost:1080/WebTours/images/cancelallreservations.gif" (RelFrameId=, Internal ID=672)
Action.c(52): t=1260573ms: Request done "http://localhost:1080/WebTours/images/cancelallreservations.gif"  	[MsgId: MMSG-26000]
Action.c(52): t=1260581ms: 298-byte response headers for "http://localhost:1080/WebTours/images/in_itinerary.gif" (RelFrameId=, Internal ID=669)
Action.c(52):     HTTP/1.1 200 OK\r\n
Action.c(52):     Date: Tue, 15 Oct 2024 22:05:29 GMT\r\n
Action.c(52):     Server: Apache/2.2.21 (Win32)\r\n
Action.c(52):     Last-Modified: Thu, 12 Jan 2012 13:30:28 GMT\r\n
Action.c(52):     ETag: "6f00000000c003-2dd-4b654c0620500"\r\n
Action.c(52):     Accept-Ranges: bytes\r\n
Action.c(52):     Content-Length: 733\r\n
Action.c(52):     Keep-Alive: timeout=5, max=99\r\n
Action.c(52):     Connection: Keep-Alive\r\n
Action.c(52):     Content-Type: image/gif\r\n
Action.c(52):     \r\n
Action.c(52): t=1260581ms: 733-byte response body for "http://localhost:1080/WebTours/images/in_itinerary.gif" (RelFrameId=, Internal ID=669)
Action.c(52): t=1260581ms: Request done "http://localhost:1080/WebTours/images/in_itinerary.gif"  	[MsgId: MMSG-26000]
Action.c(52): Notify: Saving Parameter "c_flightids_count = 18".	[MsgId: MMSG-13798]
Action.c(52): Notify: Saving Parameter "c_cgifields_count = 18".	[MsgId: MMSG-13798]
Action.c(52): Registered web_reg_find successful for "Text=<b>Itinerary</font></b>" (count=1)  	[MsgId: MMSG-26364]
Action.c(52): web_image("Itinerary Button") was successful, 27195 body bytes, 1923 header bytes, 75 chunking overhead bytes  	[MsgId: MMSG-26385]
Action.c(57): Notify: Transaction "open_bills" ended with a "Pass" status (Duration: 0,0947 Wasted Time: 0,0009).	[MsgId: MMSG-16871]
Action.c(59): lr_think_time: 5,00 seconds.	[MsgId: MMSG-15948]
Action.c(61): Notify: Transaction "del_sel" started.	[MsgId: MMSG-16999]
Action.c(63): Notify: Saving Parameter "c_buffer = ".	[MsgId: MMSG-13798]
Action.c(67): Notify: Parameter Substitution: parameter "c_cgifields_count" =  "18"	[MsgId: MMSG-13992]
Action.c(67): Notify: Parameter Substitution: parameter "c_cgifields_2" =  "7"	[MsgId: MMSG-13992]
Action.c(67): Notify: Saving Parameter "c_rand = 7".	[MsgId: MMSG-13798]
Action.c(69): Notify: Parameter Substitution: parameter "c_buffer" =  ""	[MsgId: MMSG-13992]
Action.c(69): Notify: Parameter Substitution: parameter "c_rand" =  "7"	[MsgId: MMSG-13992]
Action.c(69): Notify: Saving Parameter "c_buffer = 7=on&".	[MsgId: MMSG-13798]
Action.c(70): Notify: Parameter Substitution: parameter "c_buffer" =  "7=on&"	[MsgId: MMSG-13992]
Action.c(70): Notify: Parameter Substitution: parameter "c_flightids_1" =  "349073059-816-KM"	[MsgId: MMSG-13992]
Action.c(70): Notify: Saving Parameter "c_buffer = 7=on&flightID=349073059-816-KM&".	[MsgId: MMSG-13798]
Action.c(76): Notify: Parameter Substitution: parameter "c_buffer" =  "7=on&flightID=349073059-816-KM&"	[MsgId: MMSG-13992]
Action.c(76): Notify: Parameter Substitution: parameter "c_cgifields_1" =  "11"	[MsgId: MMSG-13992]
Action.c(76): Notify: Saving Parameter "c_buffer = 7=on&flightID=349073059-816-KM&.cgifields=11&".	[MsgId: MMSG-13798]
Action.c(67): Notify: Parameter Substitution: parameter "c_cgifields_count" =  "18"	[MsgId: MMSG-13992]
Action.c(67): Notify: Parameter Substitution: parameter "c_cgifields_7" =  "16"	[MsgId: MMSG-13992]
Action.c(67): Notify: Saving Parameter "c_rand = 16".	[MsgId: MMSG-13798]
Action.c(69): Notify: Parameter Substitution: parameter "c_buffer" =  "7=on&flightID=349073059-816-KM&.cgifields=11&"	[MsgId: MMSG-13992]
Action.c(69): Notify: Parameter Substitution: parameter "c_rand" =  "16"	[MsgId: MMSG-13992]
Action.c(69): Notify: Saving Parameter "c_buffer = 7=on&flightID=349073059-816-KM&.cgifields=11&16=on&".	[MsgId: MMSG-13798]
Action.c(70): Notify: Parameter Substitution: parameter "c_buffer" =  "7=on&flightID=349073059-816-KM&.cgifields=11&16=on&"	[MsgId: MMSG-13992]
Action.c(70): Notify: Parameter Substitution: parameter "c_flightids_2" =  "349045929-1546-KM"	[MsgId: MMSG-13992]
Action.c(70): Notify: Saving Parameter "c_buffer = 7=on&flightID=349073059-816-KM&.cgifields=11&16=on&flightID=349045929-1546-KM&".	[MsgId: MMSG-13798]
Action.c(76): Notify: Parameter Substitution: parameter "c_buffer" =  "7=on&flightID=349073059-816-KM&.cgifields=11&16=on&flightID=349045929-1546-KM&"	[MsgId: MMSG-13992]
Action.c(76): Notify: Parameter Substitution: parameter "c_cgifields_2" =  "7"	[MsgId: MMSG-13992]
Action.c(76): Notify: Saving Parameter "c_buffer = 7=on&flightID=349073059-816-KM&.cgifields=11&16=on&flightID=349045929-1546-KM&.cgifields=7&".	[MsgId: MMSG-13798]
Action.c(67): Notify: Parameter Substitution: parameter "c_cgifields_count" =  "18"	[MsgId: MMSG-13992]
Action.c(67): Notify: Parameter Substitution: parameter "c_cgifields_16" =  "4"	[MsgId: MMSG-13992]
Action.c(67): Notify: Saving Parameter "c_rand = 4".	[MsgId: MMSG-13798]
Action.c(69): Notify: Parameter Substitution: parameter "c_buffer" =  "7=on&flightID=349073059-816-KM&.cgifields=11&16=on&flightID=349045929-1546-KM&.cgifields=7&"	[MsgId: MMSG-13992]
Action.c(69): Notify: Parameter Substitution: parameter "c_rand" =  "4"	[MsgId: MMSG-13992]
Action.c(69): Notify: Saving Parameter "c_buffer = 7=on&flightID=349073059-816-KM&.cgifields=11&16=on&flightID=349045929-1546-KM&.cgifields=7&4=on&".	[MsgId: MMSG-13798]
Action.c(70): Notify: Parameter Substitution: parameter "c_buffer" =  "7=on&flightID=349073059-816-KM&.cgifields=11&16=on&flightID=349045929-1546-KM&.cgifields=7&4=on&"	[MsgId: MMSG-13992]
Action.c(70): Notify: Parameter Substitution: parameter "c_flightids_3" =  "349051509-2365-KM"	[MsgId: MMSG-13992]
Action.c(70): Notify: Saving Parameter "c_buffer = 7=on&flightID=349073059-816-KM&.cgifields=11&16=on&flightID=349045929-1546-KM&.cgifields=7&4=on&flightID=349051509-2365-KM&".	[MsgId: MMSG-13798]
Action.c(76): Notify: Parameter Substitution: parameter "c_buffer" =  "7=on&flightID=349073059-816-KM&.cgifields=11&16=on&flightID=349045929-1546-KM&.cgifields=7&4=on&flightID=349051509-2365-KM&"	[MsgId: MMSG-13992]
Action.c(76): Notify: Parameter Substitution: parameter "c_cgifields_3" =  "17"	[MsgId: MMSG-13992]
Action.c(76): Notify: Saving Parameter "c_buffer = 7=on&flightID=349073059-816-KM&.cgifields=11&16=on&flightID=349045929-1546-KM&.cgifields=7&4=on&flightID=349051509-2365-KM&.cgifields=17&".	[MsgId: MMSG-13798]
Action.c(86): Notify: Parameter Substitution: parameter "c_buffer" =  "7=on&flightID=349073059-816-KM&.cgifields=11&16=on&flightID=349045929-1546-KM&.cgifields=7&4=on&flightID=349051509-2365-KM&.cgifields=17&"	[MsgId: MMSG-13992]
Action.c(86): Notify: Saving Parameter "c_wcr = 7=on&flightID=349073059-816-KM&.cgifields=11&16=on&flightID=349045929-1546-KM&.cgifields=7&4=on&flightID=349051509-2365-KM&.cgifields=17&removeFlights.x=57&removeFlights.y=10&".	[MsgId: MMSG-13798]
Action.c(88): Notify: Parameter Substitution: parameter "c_flightids_count" =  "18"	[MsgId: MMSG-13992]
Action.c(88): Notify: Parameter Substitution: parameter "c_flightids_18" =  "349044158-13867-KM"	[MsgId: MMSG-13992]
Action.c(88): Notify: Saving Parameter "c_cancelflight = 349044158-13867-KM".	[MsgId: MMSG-13798]
Action.c(92): web_reg_find started  	[MsgId: MMSG-26355]
Action.c(92): Notify: Parameter Substitution: parameter "c_cancelflight" =  "349044158-13867-KM"	[MsgId: MMSG-13992]
Action.c(92): Registering web_reg_find was successful  	[MsgId: MMSG-26390]
Action.c(95): web_custom_request("itinerary.pl_2") started  	[MsgId: MMSG-26355]
Action.c(95): Notify: Parameter Substitution: parameter "c_wcr" =  "7=on&flightID=349073059-816-KM&.cgifields=11&16=on&flightID=349045929-1546-KM&.cgifields=7&4=on&flightID=349051509-2365-KM&.cgifields=17&removeFlights.x=57&removeFlights.y=10&"	[MsgId: MMSG-13992]
Action.c(95): t=1265596ms: Closed connection [0] to localhost:1080 after completing 2 request(s)  	[MsgId: MMSG-26000]
Action.c(95): t=1265596ms: Connecting [0] to host 127.0.0.1:1080  	[MsgId: MMSG-26000]
Action.c(95): t=1265597ms: Inactive socket [2] was closed by localhost:1080, probably due to Keep-Alive timeout  	[MsgId: MMSG-26000]
Action.c(95): t=1265597ms: Closed connection [2] to localhost:1080 after completing 1 request(s)  	[MsgId: MMSG-26000]
Action.c(95): t=1265597ms: Inactive socket [3] was closed by localhost:1080, probably due to Keep-Alive timeout  	[MsgId: MMSG-26000]
Action.c(95): t=1265597ms: Closed connection [3] to localhost:1080 after completing 1 request(s)  	[MsgId: MMSG-26000]
Action.c(95): t=1265597ms: Connected socket [0] from 127.0.0.1:5202 to 127.0.0.1:1080 in 1 ms  	[MsgId: MMSG-26000]
Action.c(95): t=1265597ms: 577-byte request headers for "http://localhost:1080/cgi-bin/itinerary.pl" (RelFrameId=1, Internal ID=673)
Action.c(95):     POST /cgi-bin/itinerary.pl HTTP/1.1\r\n
Action.c(95):     Content-Type: application/x-www-form-urlencoded\r\n
Action.c(95):     Referer: http://localhost:1080/cgi-bin/itinerary.pl\r\n
Action.c(95):     Priority: u=4\r\n
Action.c(95):     User-Agent: Mozilla/5.0 (Windows NT 10.0; Win64; x64; rv:130.0) Gecko/20100101 Firefox/130
Action.c(95):     .0\r\n
Action.c(95):     Accept-Encoding: gzip, deflate\r\n
Action.c(95):     Accept-Language: ru-RU,ru;q=0.8,en-US;q=0.5,en;q=0.3\r\n
Action.c(95):     Accept: */*\r\n
Action.c(95):     Connection: Keep-Alive\r\n
Action.c(95):     Host: localhost:1080\r\n
Action.c(95):     Cookie: MSO=SID&1729029919; MTUserInfo=firstName&Kate&address2&Kate&username&user6&hash&11
Action.c(95):     8&lastName&Miller%0A&address1&987%20Pine%20Dr&creditCard&&expDate&%0A\r\n
Action.c(95):     Content-Length: 175\r\n
Action.c(95):     \r\n
Action.c(95): t=1265597ms: 175-byte request body for "http://localhost:1080/cgi-bin/itinerary.pl" (RelFrameId=1, Internal ID=673)
Action.c(95):     7=on&flightID=349073059-816-KM&.cgifields=11&16=on&flightID=349045929-1546-KM&.cgifields=7
Action.c(95):     &4=on&flightID=349051509-2365-KM&.cgifields=17&removeFlights.x=57&removeFlights.y=10&
Action.c(95): t=1265611ms: Inactive socket [5] was closed by localhost:1080, probably due to Keep-Alive timeout  	[MsgId: MMSG-26000]
Action.c(95): t=1265611ms: Closed connection [5] to localhost:1080 after completing 1 request(s)  	[MsgId: MMSG-26000]
Action.c(95): t=1265611ms: Inactive socket [1] was closed by localhost:1080, probably due to Keep-Alive timeout  	[MsgId: MMSG-26000]
Action.c(95): t=1265611ms: Closed connection [1] to localhost:1080 after completing 1 request(s)  	[MsgId: MMSG-26000]
Action.c(95): t=1265635ms: 256-byte response headers for "http://localhost:1080/cgi-bin/itinerary.pl" (RelFrameId=1, Internal ID=673)
Action.c(95):     HTTP/1.1 200 OK\r\n
Action.c(95):     Date: Tue, 15 Oct 2024 22:05:34 GMT\r\n
Action.c(95):     Server: Apache/2.2.21 (Win32)\r\n
Action.c(95):     Expires: Mon, 14 Oct 2024 22:05:34 GMT\r\n
Action.c(95):     Keep-Alive: timeout=5, max=100\r\n
Action.c(95):     Connection: Keep-Alive\r\n
Action.c(95):     Transfer-Encoding: chunked\r\n
Action.c(95):     Content-Type: text/html; charset=ISO-8859-1\r\n
Action.c(95):     \r\n
Action.c(95): t=1265635ms: 5-byte chunked response overhead for "http://localhost:1080/cgi-bin/itinerary.pl" (RelFrameId=1, Internal ID=673)
Action.c(95):     3a4\r\n
Action.c(95): t=1265635ms: 2-byte chunked response overhead for "http://localhost:1080/cgi-bin/itinerary.pl" (RelFrameId=1, Internal ID=673)
Action.c(95):     \r\n
Action.c(95): t=1265635ms: 932-byte chunked response body for "http://localhost:1080/cgi-bin/itinerary.pl" (RelFrameId=1, Internal ID=673)
Action.c(95):     <!DOCTYPE html\n
Action.c(95):     \tPUBLIC "-//W3C//DTD XHTML 1.0 Transitional//EN"\n
Action.c(95):     \t "http://www.w3.org/TR/xhtml1/DTD/xhtml1-transitional.dtd">\n
Action.c(95):     <html xmlns="http://www.w3.org/1999/xhtml" lang="en-US" xml:lang="en-US">\n
Action.c(95):     <head>\n
Action.c(95):     <title>Flights List</title>\n
Action.c(95):     <meta http-equiv="Content-Type" content="text/html; charset=iso-8859-1" />\n
Action.c(95):     </head>\n
Action.c(95):     <body bgcolor="#E0E7F1">\n
Action.c(95):     <style>blockquote {font-family: tahoma; font-size : 10pt}H1 {font-family: tahoma; font-siz
Action.c(95):     e : 22pt; color: #993333}small {font-family: tahoma; font-size : 8pt}H3 {font-family: taho
Action.c(95):     ma; font-size : 10pt; color: black}TD {font-family: tahoma; font-size : 8pt; color: black}
Action.c(95):     </style><BR/><BR/><h1>&nbsp;&nbsp;<b>Itinerary</b></h1>\n
Action.c(95):     <blockquote><P break>Unfortunately, we could not delete your entire itinerary because of a
Action.c(95):      database synchronization error.  If you could please re-load your itinerary and try again
Action.c(95):     , we would appreciate it.  Thank you for your patience.</blockquote>\n
Action.c(95):     </body>\n
Action.c(95):     </html>
Action.c(95): t=1265637ms: 5-byte chunked response overhead for "http://localhost:1080/cgi-bin/itinerary.pl" (RelFrameId=1, Internal ID=673)
Action.c(95):     0\r\n
Action.c(95):     \r\n
Action.c(95): t=1265637ms: Request done "http://localhost:1080/cgi-bin/itinerary.pl"  	[MsgId: MMSG-26000]
Action.c(95): Registered web_reg_find successful for "Text=349044158-13867-KM"  	[MsgId: MMSG-26362]
Action.c(95): web_custom_request("itinerary.pl_2") was successful, 932 body bytes, 256 header bytes, 12 chunking overhead bytes  	[MsgId: MMSG-26385]
Action.c(106): Notify: Transaction "del_sel" ended with a "Pass" status (Duration: 0,0418 Wasted Time: 0,0000).	[MsgId: MMSG-16871]
Action.c(107): lr_think_time: 5,00 seconds.	[MsgId: MMSG-15948]
Action.c(108): Notify: Transaction "logout" started.	[MsgId: MMSG-16999]
Action.c(109): web_reg_find started  	[MsgId: MMSG-26355]
Action.c(109): Registering web_reg_find was successful  	[MsgId: MMSG-26390]
Action.c(110): web_url("welcome.pl_2") started  	[MsgId: MMSG-26355]
Action.c(110): t=1270637ms: Already connected [0] to localhost:1080  	[MsgId: MMSG-26000]
Action.c(110): t=1270637ms: 531-byte request headers for "http://localhost:1080/cgi-bin/welcome.pl?signOff=1" (RelFrameId=1, Internal ID=674)
Action.c(110):     GET /cgi-bin/welcome.pl?signOff=1 HTTP/1.1\r\n
Action.c(110):     Referer: http://localhost:1080/cgi-bin/nav.pl?page=menu&in=itinerary\r\n
Action.c(110):     Priority: u=4\r\n
Action.c(110):     User-Agent: Mozilla/5.0 (Windows NT 10.0; Win64; x64; rv:130.0) Gecko/20100101 Firefox/130
Action.c(110):     .0\r\n
Action.c(110):     Accept-Encoding: gzip, deflate\r\n
Action.c(110):     Accept-Language: ru-RU,ru;q=0.8,en-US;q=0.5,en;q=0.3\r\n
Action.c(110):     Accept: */*\r\n
Action.c(110):     Connection: Keep-Alive\r\n
Action.c(110):     Host: localhost:1080\r\n
Action.c(110):     Cookie: MSO=SID&1729029919; MTUserInfo=firstName&Kate&address2&Kate&username&user6&hash&11
Action.c(110):     8&lastName&Miller%0A&address1&987%20Pine%20Dr&creditCard&&expDate&%0A\r\n
Action.c(110):     \r\n
Action.c(110): t=1270674ms: 327-byte response headers for "http://localhost:1080/cgi-bin/welcome.pl?signOff=1" (RelFrameId=1, Internal ID=674)
Action.c(110):     HTTP/1.1 200 OK\r\n
Action.c(110):     Date: Tue, 15 Oct 2024 22:05:39 GMT\r\n
Action.c(110):     Server: Apache/2.2.21 (Win32)\r\n
Action.c(110):     Set-Cookie: MSO=SID&1729029939; path=/\r\n
Action.c(110):     Set-Cookie: MTUserInfo=; path=/; expires=Mon, 14-Oct-2024 22:05:39 GMT\r\n
Action.c(110):     Keep-Alive: timeout=5, max=99\r\n
Action.c(110):     Connection: Keep-Alive\r\n
Action.c(110):     Transfer-Encoding: chunked\r\n
Action.c(110):     Content-Type: text/html; charset=ISO-8859-1\r\n
Action.c(110):     \r\n
Action.c(110): t=1270674ms: 5-byte chunked response overhead for "http://localhost:1080/cgi-bin/welcome.pl?signOff=1" (RelFrameId=1, Internal ID=674)
Action.c(110):     2ae\r\n
Action.c(110): t=1270674ms: 2-byte chunked response overhead for "http://localhost:1080/cgi-bin/welcome.pl?signOff=1" (RelFrameId=1, Internal ID=674)
Action.c(110):     \r\n
Action.c(110): t=1270674ms: 686-byte chunked response body for "http://localhost:1080/cgi-bin/welcome.pl?signOff=1" (RelFrameId=1, Internal ID=674)
Action.c(110):     <!-- \n
Action.c(110):      A Session ID has been created and loaded into a cookie called MSO.\n
Action.c(110):      Also, the server options have been loaded into the cookie called\n
Action.c(110):      MSO as well.  The server options can be set via the Admin page.\n
Action.c(110):      --->\n
Action.c(110):     \n
Action.c(110):     <html>\n
Action.c(110):     <title>Web Tours</title>\n
Action.c(110):        <!-- Frame Set -->\n
Action.c(110):        <frameset cols="160,*" border="1" frameborder="1">\n
Action.c(110):           <!-- Navigation Frame -->\n
Action.c(110):           <frame src="nav.pl?in=home" name="navbar" marginheight="2" marginwidth="2" \n
Action.c(110):                 noresize="noresize" scrolling="auto"/>\n
Action.c(110):           <!-- Home Frame -->\n
Action.c(110):           <frame src="/WebTours/home.html" name="info" marginheight="2" marginwidth="2" \n
Action.c(110):                 noresize="noresize" scrolling="auto"/>\n
Action.c(110):        </frameset>\n
Action.c(110):     </html>\n
Action.c(110):     \n
Action.c(110):     </body>\n
Action.c(110):     </html>
Action.c(110): Detected non-resource "http://localhost:1080/cgi-bin/nav.pl?in=home" in "http://localhost:1080/cgi-bin/welcome.pl?signOff=1"  	[MsgId: MMSG-26574]
Action.c(110): Detected non-resource "http://localhost:1080/WebTours/home.html" in "http://localhost:1080/cgi-bin/welcome.pl?signOff=1"  	[MsgId: MMSG-26574]
Action.c(110): Retrieving data from cache for "http://localhost:1080/WebTours/home.html"  	[MsgId: MMSG-26558]
Action.c(110): t=1270675ms: 1361-byte response body retrieved from cache for "http://localhost:1080/WebTours/home.html" (RelFrameId=1.2, Internal ID=676)
Action.c(110):     <HTML>\n
Action.c(110):     <HEAD>\n
Action.c(110):     \t<title>Web Tours</title>\n
Action.c(110):     </HEAD>\n
Action.c(110):     <style>\n
Action.c(110):     \tblockquote {font-family: tahoma; font-size : 10pt}\n
Action.c(110):     \tH1 {font-family: tahoma; font-size : 22pt; color: #003366}\n
Action.c(110):     \tsmall {font-family: tahoma; font-size : 8pt}\n
Action.c(110):     \tH3{font-family: tahoma; font-size : 10pt; color: black}\n
Action.c(110):     \tA {FONT-WEIGHT: bold; FONT-SIZE: 10pt; COLOR: black; FONT-FAMILY: Tahoma; TEXT-DECORATIO
Action.c(110):     N: none}\n
Action.c(110):     \tA:hover{ FONT-WEIGHT: bold; FONT-SIZE: 10pt; COLOR: #993333; FONT-FAMILY: Tahoma;TEXT-DE
Action.c(110):     CORATION: underline}\n
Action.c(110):     \tTD {font-family: tahoma; font-size : 10pt; color: black}\n
Action.c(110):     </style>\n
Action.c(110):     <body bgcolor="#e0e7f1">\n
Action.c(110):     <BR/>\n
Action.c(110):     <BR/>\n
Action.c(110):     <BR/>\n
Action.c(110):     <br/>\n
Action.c(110):     <table border="0">\n
Action.c(110):     <tr><td></td></tr>\n
Action.c(110):     <TR><TD></TD></TR>\n
Action.c(110):     <TR><TD>\n
Action.c(110):     <blockquote>\n
Action.c(110):     <H1><b>Web Tours</b></H1>\n
Action.c(110):     Welcome to the Web Tours site.\n
Action.c(110):     <br/>\n
Action.c(110):     To make reservations,please enter your account information to the left.\n
Action.c(110):     <br/>\n
Action.c(110):     If you haven't registered yet, <A href="/cgi-bin/login.pl?username=&amp;password=&amp;getI
Action.c(110):     nfo=true" ><B>sign up now</B></A> to get access to all our resources.\n
Action.c(110):     <br/>\n
Action.c(110):     To configure the server options, use <A href="/cgi-bin/admin.pl" target="body" ><b>adminis
Action.c(110):     tration</b></A> link.\n
Action.c(110):     <br/><br/><br/><br/><br/><br/>\n
Action.c(110):     <br/><small>\n
Action.c(110):     This product uses parts of the SMT Kernel, Copyright (c) 1991-99 <A href="http://www.imati
Action.c(110):     x.com" target="new"><B><small>iMatix Corporation</small></B></A> \n
Action.c(110):     </small>\n
Action.c(110):     </blockquote></TD>\n
Action.c(110):     <TD></TD></TR>\n
Action.c(110):     </table>\n
Action.c(110):     </body>\n
Action.c(110):     </HTML>\n
Action.c(110): t=1270676ms: Already connected [4] to localhost:1080  	[MsgId: MMSG-26000]
Action.c(110): t=1270676ms: 383-byte request headers for "http://localhost:1080/cgi-bin/nav.pl?in=home" (RelFrameId=1.1, Internal ID=675)
Action.c(110):     GET /cgi-bin/nav.pl?in=home HTTP/1.1\r\n
Action.c(110):     Referer: http://localhost:1080/cgi-bin/welcome.pl?signOff=1\r\n
Action.c(110):     Priority: u=4\r\n
Action.c(110):     User-Agent: Mozilla/5.0 (Windows NT 10.0; Win64; x64; rv:130.0) Gecko/20100101 Firefox/130
Action.c(110):     .0\r\n
Action.c(110):     Accept-Encoding: gzip, deflate\r\n
Action.c(110):     Accept-Language: ru-RU,ru;q=0.8,en-US;q=0.5,en;q=0.3\r\n
Action.c(110):     Accept: */*\r\n
Action.c(110):     Connection: Keep-Alive\r\n
Action.c(110):     Host: localhost:1080\r\n
Action.c(110):     Cookie: MSO=SID&1729029939\r\n
Action.c(110):     \r\n
Action.c(110): t=1270676ms: reporting user data point RETRY_KEEP_ALIVE  	[MsgId: MMSG-26000]
Action.c(110): RETRY 0: WSA_IO_PENDING  	[MsgId: MMSG-26000]
Action.c(110): t=1270676ms: Closed connection [4] to localhost:1080 after completing 1 request(s)  	[MsgId: MMSG-26000]
Action.c(110): t=1270676ms: Connecting [4] to host 127.0.0.1:1080  	[MsgId: MMSG-26000]
Action.c(110): t=1270676ms: 5-byte chunked response overhead for "http://localhost:1080/cgi-bin/welcome.pl?signOff=1" (RelFrameId=1, Internal ID=674)
Action.c(110):     0\r\n
Action.c(110):     \r\n
Action.c(110): t=1270676ms: Request done "http://localhost:1080/cgi-bin/welcome.pl?signOff=1"  	[MsgId: MMSG-26000]
Action.c(110): t=1270677ms: Connected socket [4] from 127.0.0.1:5215 to 127.0.0.1:1080 in 1 ms  	[MsgId: MMSG-26000]
Action.c(110): t=1270677ms: 383-byte request headers for "http://localhost:1080/cgi-bin/nav.pl?in=home" (RelFrameId=1.1, Internal ID=675)
Action.c(110):     GET /cgi-bin/nav.pl?in=home HTTP/1.1\r\n
Action.c(110):     Referer: http://localhost:1080/cgi-bin/welcome.pl?signOff=1\r\n
Action.c(110):     Priority: u=4\r\n
Action.c(110):     User-Agent: Mozilla/5.0 (Windows NT 10.0; Win64; x64; rv:130.0) Gecko/20100101 Firefox/130
Action.c(110):     .0\r\n
Action.c(110):     Accept-Encoding: gzip, deflate\r\n
Action.c(110):     Accept-Language: ru-RU,ru;q=0.8,en-US;q=0.5,en;q=0.3\r\n
Action.c(110):     Accept: */*\r\n
Action.c(110):     Connection: Keep-Alive\r\n
Action.c(110):     Host: localhost:1080\r\n
Action.c(110):     Cookie: MSO=SID&1729029939\r\n
Action.c(110):     \r\n
Action.c(110): t=1270713ms: 256-byte response headers for "http://localhost:1080/cgi-bin/nav.pl?in=home" (RelFrameId=1.1, Internal ID=675)
Action.c(110):     HTTP/1.1 200 OK\r\n
Action.c(110):     Date: Tue, 15 Oct 2024 22:05:39 GMT\r\n
Action.c(110):     Server: Apache/2.2.21 (Win32)\r\n
Action.c(110):     Expires: Mon, 14 Oct 2024 22:05:39 GMT\r\n
Action.c(110):     Keep-Alive: timeout=5, max=100\r\n
Action.c(110):     Connection: Keep-Alive\r\n
Action.c(110):     Transfer-Encoding: chunked\r\n
Action.c(110):     Content-Type: text/html; charset=ISO-8859-1\r\n
Action.c(110):     \r\n
Action.c(110): t=1270713ms: 5-byte chunked response overhead for "http://localhost:1080/cgi-bin/nav.pl?in=home" (RelFrameId=1.1, Internal ID=675)
Action.c(110):     5ce\r\n
Action.c(110): t=1270713ms: 2-byte chunked response overhead for "http://localhost:1080/cgi-bin/nav.pl?in=home" (RelFrameId=1.1, Internal ID=675)
Action.c(110):     \r\n
Action.c(110): t=1270713ms: 1486-byte chunked response body for "http://localhost:1080/cgi-bin/nav.pl?in=home" (RelFrameId=1.1, Internal ID=675)
Action.c(110):     <!DOCTYPE html\n
Action.c(110):     \tPUBLIC "-//W3C//DTD XHTML 1.0 Transitional//EN"\n
Action.c(110):     \t "http://www.w3.org/TR/xhtml1/DTD/xhtml1-transitional.dtd">\n
Action.c(110):     <html xmlns="http://www.w3.org/1999/xhtml" lang="en-US" xml:lang="en-US">\n
Action.c(110):     <head>\n
Action.c(110):     <title>Web Tours Navigation Bar</title>\n
Action.c(110):     <meta http-equiv="Content-Type" content="text/html; charset=iso-8859-1" />\n
Action.c(110):     </head>\n
Action.c(110):     <body bgcolor="#E0E7F1">\n
Action.c(110):     <style>\n
Action.c(110):     blockquote {font-family: tahoma; font-size : 10pt}\n
Action.c(110):     H1 {font-family: tahoma; font-size : 22pt; color: #993333}\n
Action.c(110):     H3 {font-family: tahoma; font-size : 10pt; color: black}\n
Action.c(110):     small {font-family: tahoma; font-size : 8pt}\n
Action.c(110):     </style>\n
Action.c(110):     <form method="post" action="/cgi-bin/login.pl" target="body">\n
Action.c(110):     <input type="hidden" name="userSession" value="140059.128311057HcAtcQVptVcftDccfpHtitHf"/>
Action.c(110):     \n
Action.c(110):     <table border="0"><tr><td>&nbsp;</td>\n
Action.c(110):     <td>&nbsp;</td></tr>\n
Action.c(110):     <tr><td>&nbsp;</td>\n
Action.c(110):     <td>&nbsp;</td></tr>\n
Action.c(110):     <tr><td>&nbsp;</td>\n
Action.c(110):     <td><small>&nbsp;Username</small></td></tr>\n
Action.c(110):     <tr><td>&nbsp;</td>\n
Action.c(110):     <td><input type="text" name="username" value="" size="14" maxlength="14"/></td></tr>\n
Action.c(110):     <tr><td>&nbsp;</td>\n
Action.c(110):     <td><small>&nbsp;Password</small></td>\n
Action.c(110):     <tr><td>&nbsp;</td>\n
Action.c(110):     <td><input type="password" name="password" value="" size="14" maxlength="14"/></td></tr>\n
Action.c(110):     <tr><td>&nbsp;</td>\n
Action.c(110):     <td>&nbsp;</td></tr>\n
Action.c(110):     <tr><td>&nbsp;</td>\n
Action.c(110):     <td><input type="image" name="login" value="Login" alt="Login" border="1" \n
Action.c(110):     src="/WebTours/images/mer_login.gif"/></td></tr>\n
Action.c(110):     <tr><td>&nbsp;</td><td>&nbsp;</td></tr>\n
Action.c(110):     </table><input type="hidden" name="JSFormSubmit" value="off"/>\n
Action.c(110):     </form>\n
Action.c(110):     \n
Action.c(110):     </body>\n
Action.c(110):     </html>\n
Action.c(110): Resource "http://localhost:1080/WebTours/images/mer_login.gif" is in the cache already and will not be downloaded again  	[MsgId: MMSG-26655]
Action.c(110): t=1270715ms: 5-byte chunked response overhead for "http://localhost:1080/cgi-bin/nav.pl?in=home" (RelFrameId=1.1, Internal ID=675)
Action.c(110):     0\r\n
Action.c(110):     \r\n
Action.c(110): t=1270715ms: Request done "http://localhost:1080/cgi-bin/nav.pl?in=home"  	[MsgId: MMSG-26000]
Action.c(110): Registered web_reg_find successful for "Text=Welcome to the Web Tours site." (count=1)  	[MsgId: MMSG-26364]
Action.c(110): web_url("welcome.pl_2") was successful, 2172 body bytes, 583 header bytes, 24 chunking overhead bytes  	[MsgId: MMSG-26385]
Action.c(118): Notify: Transaction "logout" ended with a "Pass" status (Duration: 0,0782 Wasted Time: 0,0000).	[MsgId: MMSG-16871]
Action.c(119): Notify: Transaction "UC5_Del_bill" ended with a "Pass" status (Duration: 20,4129 Think Time: 20,0276 Wasted Time: 0,0010).	[MsgId: MMSG-16870]
Ending action Action.	[MsgId: MMSG-15918]
Action was aborted.	[MsgId: MMSG-10694]
Ending Vuser...	[MsgId: MMSG-15966]
Starting action vuser_end.	[MsgId: MMSG-15919]
Ending action vuser_end.	[MsgId: MMSG-15918]
Vuser Terminated.	[MsgId: MMSG-15963]
t=1270716ms: Closed connection [0] to localhost:1080 after completing 2 request(s)  	[MsgId: MMSG-26000]
t=1270716ms: Closed connection [4] to localhost:1080 after completing 1 request(s)  	[MsgId: MMSG-26000]
HTML-Mode memory management statistics: Reusable=12, NonReusable=0, CsMemBlockSize=4096, checks disabled  	[MsgId: MMSG-26000]
Vuser 0 (thread 19712), ended OK."	[MsgId: MMSG-10695]
